{
    "meta": {
        "format": 3,
        "version": "7.6.7",
        "timestamp": "2024-11-19T10:54:18.942313",
        "branch_coverage": true,
        "show_contexts": false
    },
    "files": {
        "decodanda\\__init__.py": {
            "executed_lines": [
                1,
                3,
                4,
                5
            ],
            "summary": {
                "covered_lines": 4,
                "num_statements": 4,
                "percent_covered": 100.0,
                "percent_covered_display": "100",
                "missing_lines": 0,
                "excluded_lines": 0,
                "num_branches": 0,
                "num_partial_branches": 0,
                "covered_branches": 0,
                "missing_branches": 0
            },
            "missing_lines": [],
            "excluded_lines": [],
            "executed_branches": [],
            "missing_branches": [],
            "functions": {
                "": {
                    "executed_lines": [
                        1,
                        3,
                        4,
                        5
                    ],
                    "summary": {
                        "covered_lines": 4,
                        "num_statements": 4,
                        "percent_covered": 100.0,
                        "percent_covered_display": "100",
                        "missing_lines": 0,
                        "excluded_lines": 0,
                        "num_branches": 0,
                        "num_partial_branches": 0,
                        "covered_branches": 0,
                        "missing_branches": 0
                    },
                    "missing_lines": [],
                    "excluded_lines": [],
                    "executed_branches": [],
                    "missing_branches": []
                }
            },
            "classes": {
                "": {
                    "executed_lines": [
                        1,
                        3,
                        4,
                        5
                    ],
                    "summary": {
                        "covered_lines": 4,
                        "num_statements": 4,
                        "percent_covered": 100.0,
                        "percent_covered_display": "100",
                        "missing_lines": 0,
                        "excluded_lines": 0,
                        "num_branches": 0,
                        "num_partial_branches": 0,
                        "covered_branches": 0,
                        "missing_branches": 0
                    },
                    "missing_lines": [],
                    "excluded_lines": [],
                    "executed_branches": [],
                    "missing_branches": []
                }
            }
        },
        "decodanda\\classes.py": {
            "executed_lines": [
                14,
                15,
                17,
                18,
                19,
                21,
                22,
                28,
                33,
                34,
                203,
                204,
                210,
                211,
                212,
                213,
                214,
                217,
                218,
                224,
                225,
                228,
                229,
                230,
                231,
                232,
                235,
                236,
                237,
                238,
                239,
                240,
                241,
                242,
                243,
                244,
                245,
                246,
                249,
                250,
                251,
                252,
                253,
                254,
                255,
                258,
                259,
                260,
                261,
                264,
                265,
                273,
                276,
                279,
                283,
                290,
                293,
                294,
                296,
                297,
                299,
                300,
                301,
                305,
                307,
                308,
                310,
                311,
                313,
                315,
                317,
                319,
                321,
                322,
                324,
                325,
                327,
                329,
                334,
                335,
                337,
                338,
                339,
                341,
                342,
                343,
                344,
                345,
                347,
                348,
                349,
                350,
                351,
                353,
                354,
                355,
                356,
                359,
                360,
                361,
                363,
                364,
                370,
                376,
                377,
                379,
                380,
                386,
                387,
                388,
                394,
                395,
                396,
                397,
                399,
                404,
                414,
                416,
                417,
                418,
                419,
                420,
                421,
                422,
                423,
                424,
                426,
                428,
                432,
                485,
                550,
                647,
                650,
                651,
                653,
                655,
                657,
                658,
                660,
                665,
                667,
                690,
                691,
                693,
                694,
                697,
                699,
                701,
                702,
                703,
                705,
                959,
                1023,
                1137,
                1140,
                1142,
                1150,
                1153,
                1155,
                1161,
                1163,
                1165,
                1166,
                1176,
                1178,
                1182,
                1184,
                1314,
                1345,
                1508,
                1608,
                1637,
                1788,
                1900,
                2003,
                2009,
                2013,
                2015,
                2021,
                2022,
                2025,
                2026,
                2028,
                2029,
                2030,
                2031,
                2032,
                2033,
                2034,
                2036,
                2038,
                2040,
                2041,
                2044,
                2045,
                2046,
                2047,
                2048,
                2051,
                2054,
                2060,
                2061,
                2071,
                2078,
                2084,
                2097,
                2098,
                2100,
                2113,
                2114,
                2116,
                2117,
                2121,
                2123,
                2124,
                2125,
                2127,
                2129,
                2130,
                2131,
                2135,
                2136,
                2138,
                2139,
                2140,
                2141,
                2143,
                2144,
                2145,
                2146,
                2147,
                2148,
                2149,
                2151,
                2152,
                2153,
                2155,
                2156,
                2157,
                2158,
                2159,
                2160,
                2162,
                2163,
                2164,
                2165,
                2166,
                2167,
                2168,
                2169,
                2170,
                2177,
                2178,
                2179,
                2180,
                2181,
                2182,
                2185,
                2188,
                2190,
                2191,
                2192,
                2193,
                2194,
                2195,
                2196,
                2197,
                2198,
                2199,
                2200,
                2202,
                2203,
                2204,
                2205,
                2206,
                2207,
                2208,
                2209,
                2211,
                2221,
                2222,
                2223,
                2224,
                2225,
                2226,
                2227,
                2228,
                2230,
                2231,
                2234,
                2246,
                2252,
                2258,
                2261,
                2274,
                2275,
                2276,
                2278,
                2279,
                2280,
                2281,
                2282,
                2283,
                2285,
                2286,
                2289,
                2290,
                2292,
                2293,
                2298,
                2299,
                2301,
                2302,
                2303,
                2305,
                2306,
                2307,
                2309,
                2310,
                2312,
                2313,
                2315,
                2316,
                2318,
                2319,
                2321,
                2322,
                2325,
                2327,
                2328,
                2329,
                2330,
                2331,
                2334,
                2335,
                2337,
                2338,
                2339,
                2340,
                2341,
                2342,
                2343,
                2344,
                2345,
                2346,
                2347,
                2349,
                2354,
                2373,
                2374,
                2375,
                2376,
                2378,
                2379,
                2381,
                2382,
                2383,
                2386,
                2388,
                2390,
                2397,
                2470,
                2478,
                2488,
                2494,
                2539,
                2557,
                2558,
                2559,
                2560,
                2564,
                2567,
                2568,
                2571,
                2572,
                2578
            ],
            "summary": {
                "covered_lines": 376,
                "num_statements": 1052,
                "percent_covered": 33.65758754863813,
                "percent_covered_display": "34",
                "missing_lines": 676,
                "excluded_lines": 0,
                "num_branches": 490,
                "num_partial_branches": 43,
                "covered_branches": 143,
                "missing_branches": 347
            },
            "missing_lines": [
                219,
                284,
                285,
                330,
                331,
                332,
                333,
                371,
                372,
                373,
                374,
                389,
                390,
                391,
                392,
                400,
                401,
                402,
                405,
                406,
                407,
                408,
                409,
                410,
                411,
                412,
                451,
                452,
                453,
                454,
                456,
                457,
                458,
                459,
                461,
                462,
                463,
                464,
                465,
                466,
                467,
                469,
                470,
                471,
                472,
                473,
                474,
                475,
                477,
                478,
                479,
                480,
                481,
                483,
                507,
                508,
                509,
                510,
                512,
                513,
                515,
                516,
                517,
                519,
                520,
                524,
                525,
                527,
                528,
                529,
                531,
                532,
                533,
                534,
                535,
                537,
                538,
                541,
                542,
                543,
                544,
                546,
                648,
                652,
                654,
                656,
                661,
                662,
                663,
                669,
                670,
                681,
                683,
                684,
                685,
                687,
                692,
                695,
                700,
                795,
                796,
                798,
                800,
                801,
                802,
                803,
                805,
                807,
                808,
                809,
                810,
                811,
                813,
                815,
                816,
                818,
                819,
                821,
                823,
                824,
                825,
                826,
                828,
                829,
                830,
                832,
                833,
                834,
                835,
                837,
                838,
                839,
                840,
                842,
                843,
                844,
                845,
                847,
                848,
                850,
                852,
                855,
                856,
                857,
                858,
                859,
                860,
                861,
                863,
                864,
                866,
                867,
                868,
                869,
                870,
                871,
                872,
                874,
                875,
                876,
                878,
                879,
                880,
                881,
                883,
                884,
                886,
                887,
                888,
                889,
                891,
                892,
                893,
                894,
                896,
                897,
                898,
                899,
                901,
                902,
                904,
                905,
                907,
                908,
                909,
                910,
                912,
                913,
                914,
                915,
                917,
                918,
                919,
                920,
                922,
                923,
                925,
                926,
                928,
                929,
                930,
                931,
                932,
                933,
                934,
                936,
                937,
                939,
                940,
                941,
                942,
                943,
                944,
                945,
                947,
                948,
                950,
                951,
                953,
                955,
                957,
                964,
                965,
                967,
                969,
                971,
                973,
                974,
                976,
                977,
                978,
                979,
                980,
                981,
                982,
                984,
                985,
                986,
                987,
                988,
                989,
                990,
                992,
                993,
                994,
                995,
                996,
                997,
                998,
                1000,
                1001,
                1002,
                1004,
                1005,
                1006,
                1007,
                1008,
                1009,
                1010,
                1011,
                1012,
                1014,
                1016,
                1017,
                1019,
                1138,
                1151,
                1156,
                1158,
                1159,
                1179,
                1285,
                1288,
                1289,
                1291,
                1293,
                1294,
                1295,
                1297,
                1299,
                1300,
                1301,
                1307,
                1308,
                1310,
                1312,
                1321,
                1326,
                1327,
                1328,
                1330,
                1332,
                1333,
                1334,
                1339,
                1341,
                1445,
                1447,
                1448,
                1449,
                1450,
                1451,
                1452,
                1464,
                1465,
                1467,
                1468,
                1469,
                1479,
                1480,
                1482,
                1483,
                1484,
                1485,
                1486,
                1496,
                1497,
                1499,
                1500,
                1501,
                1502,
                1504,
                1586,
                1588,
                1589,
                1590,
                1591,
                1592,
                1593,
                1598,
                1599,
                1601,
                1602,
                1603,
                1604,
                1606,
                1615,
                1617,
                1618,
                1619,
                1620,
                1621,
                1622,
                1626,
                1627,
                1629,
                1630,
                1631,
                1632,
                1635,
                1676,
                1677,
                1678,
                1680,
                1681,
                1682,
                1683,
                1686,
                1687,
                1688,
                1689,
                1693,
                1694,
                1695,
                1696,
                1702,
                1703,
                1706,
                1707,
                1708,
                1710,
                1715,
                1716,
                1719,
                1720,
                1721,
                1722,
                1723,
                1725,
                1726,
                1727,
                1728,
                1729,
                1731,
                1732,
                1733,
                1734,
                1735,
                1736,
                1737,
                1738,
                1739,
                1742,
                1743,
                1744,
                1747,
                1748,
                1751,
                1752,
                1755,
                1757,
                1758,
                1762,
                1763,
                1764,
                1767,
                1768,
                1771,
                1772,
                1776,
                1778,
                1779,
                1782,
                1783,
                1784,
                1786,
                1830,
                1831,
                1832,
                1833,
                1834,
                1835,
                1837,
                1838,
                1839,
                1840,
                1841,
                1844,
                1845,
                1846,
                1847,
                1848,
                1852,
                1853,
                1859,
                1860,
                1862,
                1863,
                1866,
                1867,
                1868,
                1869,
                1871,
                1873,
                1874,
                1875,
                1876,
                1877,
                1880,
                1881,
                1882,
                1886,
                1889,
                1890,
                1891,
                1892,
                1896,
                1898,
                1933,
                1934,
                1935,
                1936,
                1937,
                1938,
                1940,
                1941,
                1942,
                1943,
                1944,
                1947,
                1948,
                1949,
                1950,
                1951,
                1955,
                1956,
                1960,
                1961,
                1963,
                1964,
                1967,
                1968,
                1969,
                1970,
                1972,
                1974,
                1975,
                1976,
                1977,
                1978,
                1981,
                1982,
                1983,
                1987,
                1990,
                1991,
                1992,
                1993,
                1997,
                1999,
                2004,
                2005,
                2016,
                2017,
                2019,
                2055,
                2056,
                2057,
                2058,
                2062,
                2063,
                2064,
                2065,
                2066,
                2068,
                2069,
                2072,
                2073,
                2074,
                2075,
                2079,
                2080,
                2081,
                2085,
                2086,
                2087,
                2088,
                2089,
                2090,
                2091,
                2093,
                2094,
                2101,
                2102,
                2103,
                2104,
                2105,
                2106,
                2107,
                2111,
                2128,
                2133,
                2134,
                2172,
                2173,
                2174,
                2175,
                2184,
                2186,
                2187,
                2212,
                2213,
                2214,
                2216,
                2219,
                2235,
                2236,
                2237,
                2238,
                2239,
                2240,
                2241,
                2242,
                2243,
                2244,
                2247,
                2248,
                2253,
                2254,
                2256,
                2259,
                2350,
                2351,
                2352,
                2357,
                2360,
                2361,
                2362,
                2363,
                2364,
                2371,
                2380,
                2384,
                2385,
                2387,
                2391,
                2392,
                2445,
                2447,
                2449,
                2450,
                2451,
                2454,
                2455,
                2456,
                2458,
                2460,
                2462,
                2463,
                2464,
                2471,
                2472,
                2473,
                2475,
                2479,
                2480,
                2481,
                2484,
                2485,
                2489,
                2490,
                2491,
                2495,
                2496,
                2498,
                2499,
                2501,
                2502,
                2503,
                2504,
                2505,
                2507,
                2508,
                2509,
                2510,
                2511,
                2512,
                2513,
                2516,
                2517,
                2518,
                2519,
                2520,
                2521,
                2522,
                2525,
                2526,
                2530,
                2531,
                2532,
                2533,
                2534,
                2536,
                2540,
                2541,
                2542,
                2543,
                2544,
                2545,
                2547,
                2554,
                2573,
                2574,
                2575,
                2576,
                2579,
                2580,
                2581,
                2582,
                2583,
                2584,
                2585,
                2586,
                2587,
                2588,
                2589,
                2590,
                2592,
                2593,
                2594,
                2595,
                2596,
                2597,
                2598,
                2599,
                2601
            ],
            "excluded_lines": [],
            "executed_branches": [
                [
                    203,
                    204
                ],
                [
                    210,
                    211
                ],
                [
                    212,
                    213
                ],
                [
                    212,
                    214
                ],
                [
                    217,
                    218
                ],
                [
                    217,
                    224
                ],
                [
                    218,
                    217
                ],
                [
                    224,
                    225
                ],
                [
                    230,
                    231
                ],
                [
                    230,
                    232
                ],
                [
                    283,
                    290
                ],
                [
                    299,
                    -34
                ],
                [
                    299,
                    300
                ],
                [
                    329,
                    334
                ],
                [
                    338,
                    339
                ],
                [
                    343,
                    344
                ],
                [
                    343,
                    345
                ],
                [
                    349,
                    350
                ],
                [
                    349,
                    351
                ],
                [
                    363,
                    364
                ],
                [
                    363,
                    379
                ],
                [
                    370,
                    376
                ],
                [
                    379,
                    380
                ],
                [
                    379,
                    394
                ],
                [
                    388,
                    379
                ],
                [
                    399,
                    404
                ],
                [
                    404,
                    414
                ],
                [
                    416,
                    417
                ],
                [
                    416,
                    426
                ],
                [
                    417,
                    418
                ],
                [
                    417,
                    421
                ],
                [
                    418,
                    419
                ],
                [
                    418,
                    420
                ],
                [
                    421,
                    422
                ],
                [
                    421,
                    426
                ],
                [
                    422,
                    423
                ],
                [
                    422,
                    424
                ],
                [
                    647,
                    650
                ],
                [
                    651,
                    653
                ],
                [
                    653,
                    655
                ],
                [
                    655,
                    657
                ],
                [
                    657,
                    658
                ],
                [
                    657,
                    660
                ],
                [
                    660,
                    665
                ],
                [
                    667,
                    690
                ],
                [
                    691,
                    693
                ],
                [
                    693,
                    694
                ],
                [
                    693,
                    701
                ],
                [
                    694,
                    697
                ],
                [
                    699,
                    693
                ],
                [
                    701,
                    702
                ],
                [
                    701,
                    703
                ],
                [
                    1137,
                    1140
                ],
                [
                    1150,
                    1153
                ],
                [
                    1155,
                    1161
                ],
                [
                    1165,
                    1166
                ],
                [
                    1165,
                    1178
                ],
                [
                    1178,
                    1182
                ],
                [
                    2013,
                    2015
                ],
                [
                    2013,
                    2135
                ],
                [
                    2015,
                    2021
                ],
                [
                    2028,
                    2029
                ],
                [
                    2028,
                    2036
                ],
                [
                    2030,
                    2031
                ],
                [
                    2030,
                    2034
                ],
                [
                    2038,
                    2040
                ],
                [
                    2038,
                    2113
                ],
                [
                    2045,
                    2046
                ],
                [
                    2045,
                    2051
                ],
                [
                    2060,
                    2061
                ],
                [
                    2071,
                    2078
                ],
                [
                    2078,
                    2084
                ],
                [
                    2084,
                    2097
                ],
                [
                    2100,
                    2038
                ],
                [
                    2121,
                    2123
                ],
                [
                    2123,
                    2124
                ],
                [
                    2123,
                    2127
                ],
                [
                    2127,
                    2129
                ],
                [
                    2135,
                    2136
                ],
                [
                    2143,
                    2144
                ],
                [
                    2143,
                    2149
                ],
                [
                    2146,
                    2143
                ],
                [
                    2146,
                    2147
                ],
                [
                    2155,
                    2156
                ],
                [
                    2155,
                    2160
                ],
                [
                    2158,
                    2155
                ],
                [
                    2158,
                    2159
                ],
                [
                    2163,
                    2164
                ],
                [
                    2163,
                    2177
                ],
                [
                    2167,
                    2168
                ],
                [
                    2179,
                    2180
                ],
                [
                    2179,
                    2185
                ],
                [
                    2181,
                    2182
                ],
                [
                    2185,
                    2188
                ],
                [
                    2194,
                    2195
                ],
                [
                    2194,
                    2200
                ],
                [
                    2195,
                    2194
                ],
                [
                    2195,
                    2196
                ],
                [
                    2196,
                    2197
                ],
                [
                    2197,
                    2198
                ],
                [
                    2203,
                    2204
                ],
                [
                    2204,
                    2205
                ],
                [
                    2204,
                    2209
                ],
                [
                    2207,
                    2204
                ],
                [
                    2207,
                    2208
                ],
                [
                    2222,
                    -2221
                ],
                [
                    2222,
                    2223
                ],
                [
                    2224,
                    2225
                ],
                [
                    2224,
                    2227
                ],
                [
                    2274,
                    2275
                ],
                [
                    2274,
                    2325
                ],
                [
                    2278,
                    2279
                ],
                [
                    2278,
                    2349
                ],
                [
                    2279,
                    2278
                ],
                [
                    2279,
                    2280
                ],
                [
                    2282,
                    2279
                ],
                [
                    2282,
                    2283
                ],
                [
                    2283,
                    2279
                ],
                [
                    2283,
                    2285
                ],
                [
                    2301,
                    2302
                ],
                [
                    2301,
                    2305
                ],
                [
                    2305,
                    2306
                ],
                [
                    2305,
                    2309
                ],
                [
                    2325,
                    2327
                ],
                [
                    2325,
                    2349
                ],
                [
                    2327,
                    2325
                ],
                [
                    2327,
                    2328
                ],
                [
                    2338,
                    2327
                ],
                [
                    2338,
                    2339
                ],
                [
                    2342,
                    2343
                ],
                [
                    2342,
                    2345
                ],
                [
                    2349,
                    -2261
                ],
                [
                    2374,
                    -2373
                ],
                [
                    2374,
                    2375
                ],
                [
                    2379,
                    2381
                ],
                [
                    2381,
                    2382
                ],
                [
                    2381,
                    2388
                ],
                [
                    2382,
                    2381
                ],
                [
                    2382,
                    2383
                ],
                [
                    2383,
                    2386
                ],
                [
                    2386,
                    2382
                ],
                [
                    2559,
                    2560
                ],
                [
                    2559,
                    2564
                ]
            ],
            "missing_branches": [
                [
                    203,
                    210
                ],
                [
                    210,
                    217
                ],
                [
                    218,
                    219
                ],
                [
                    224,
                    228
                ],
                [
                    283,
                    284
                ],
                [
                    284,
                    -34
                ],
                [
                    284,
                    285
                ],
                [
                    329,
                    330
                ],
                [
                    338,
                    341
                ],
                [
                    370,
                    371
                ],
                [
                    388,
                    389
                ],
                [
                    399,
                    400
                ],
                [
                    404,
                    405
                ],
                [
                    451,
                    452
                ],
                [
                    451,
                    453
                ],
                [
                    453,
                    454
                ],
                [
                    453,
                    456
                ],
                [
                    457,
                    458
                ],
                [
                    457,
                    469
                ],
                [
                    458,
                    459
                ],
                [
                    458,
                    461
                ],
                [
                    463,
                    464
                ],
                [
                    463,
                    467
                ],
                [
                    469,
                    470
                ],
                [
                    469,
                    477
                ],
                [
                    470,
                    471
                ],
                [
                    470,
                    477
                ],
                [
                    474,
                    470
                ],
                [
                    474,
                    475
                ],
                [
                    477,
                    478
                ],
                [
                    477,
                    483
                ],
                [
                    480,
                    481
                ],
                [
                    480,
                    483
                ],
                [
                    507,
                    508
                ],
                [
                    507,
                    509
                ],
                [
                    509,
                    510
                ],
                [
                    509,
                    512
                ],
                [
                    515,
                    516
                ],
                [
                    515,
                    527
                ],
                [
                    516,
                    517
                ],
                [
                    516,
                    519
                ],
                [
                    527,
                    528
                ],
                [
                    527,
                    537
                ],
                [
                    528,
                    529
                ],
                [
                    528,
                    537
                ],
                [
                    533,
                    528
                ],
                [
                    533,
                    534
                ],
                [
                    537,
                    538
                ],
                [
                    537,
                    546
                ],
                [
                    542,
                    543
                ],
                [
                    542,
                    546
                ],
                [
                    647,
                    648
                ],
                [
                    651,
                    652
                ],
                [
                    653,
                    654
                ],
                [
                    655,
                    656
                ],
                [
                    660,
                    661
                ],
                [
                    667,
                    669
                ],
                [
                    683,
                    684
                ],
                [
                    683,
                    687
                ],
                [
                    691,
                    692
                ],
                [
                    694,
                    695
                ],
                [
                    699,
                    700
                ],
                [
                    795,
                    796
                ],
                [
                    795,
                    798
                ],
                [
                    800,
                    801
                ],
                [
                    800,
                    802
                ],
                [
                    802,
                    803
                ],
                [
                    802,
                    805
                ],
                [
                    807,
                    808
                ],
                [
                    807,
                    810
                ],
                [
                    810,
                    811
                ],
                [
                    810,
                    813
                ],
                [
                    815,
                    816
                ],
                [
                    815,
                    957
                ],
                [
                    821,
                    823
                ],
                [
                    821,
                    878
                ],
                [
                    823,
                    824
                ],
                [
                    823,
                    955
                ],
                [
                    824,
                    823
                ],
                [
                    824,
                    825
                ],
                [
                    828,
                    824
                ],
                [
                    828,
                    829
                ],
                [
                    837,
                    838
                ],
                [
                    837,
                    842
                ],
                [
                    842,
                    843
                ],
                [
                    842,
                    847
                ],
                [
                    855,
                    856
                ],
                [
                    855,
                    863
                ],
                [
                    863,
                    864
                ],
                [
                    863,
                    874
                ],
                [
                    878,
                    879
                ],
                [
                    878,
                    955
                ],
                [
                    891,
                    892
                ],
                [
                    891,
                    896
                ],
                [
                    896,
                    897
                ],
                [
                    896,
                    901
                ],
                [
                    904,
                    905
                ],
                [
                    904,
                    907
                ],
                [
                    912,
                    913
                ],
                [
                    912,
                    917
                ],
                [
                    917,
                    918
                ],
                [
                    917,
                    922
                ],
                [
                    925,
                    926
                ],
                [
                    925,
                    928
                ],
                [
                    928,
                    929
                ],
                [
                    928,
                    936
                ],
                [
                    936,
                    937
                ],
                [
                    936,
                    947
                ],
                [
                    964,
                    965
                ],
                [
                    964,
                    967
                ],
                [
                    976,
                    977
                ],
                [
                    976,
                    1004
                ],
                [
                    977,
                    976
                ],
                [
                    977,
                    978
                ],
                [
                    980,
                    977
                ],
                [
                    980,
                    981
                ],
                [
                    984,
                    985
                ],
                [
                    984,
                    992
                ],
                [
                    992,
                    993
                ],
                [
                    992,
                    1000
                ],
                [
                    1005,
                    1006
                ],
                [
                    1005,
                    1016
                ],
                [
                    1006,
                    1005
                ],
                [
                    1006,
                    1007
                ],
                [
                    1007,
                    1008
                ],
                [
                    1007,
                    1009
                ],
                [
                    1009,
                    1010
                ],
                [
                    1009,
                    1011
                ],
                [
                    1011,
                    1012
                ],
                [
                    1011,
                    1014
                ],
                [
                    1016,
                    1017
                ],
                [
                    1016,
                    1019
                ],
                [
                    1137,
                    1138
                ],
                [
                    1150,
                    1151
                ],
                [
                    1155,
                    1156
                ],
                [
                    1178,
                    1179
                ],
                [
                    1288,
                    1289
                ],
                [
                    1288,
                    1291
                ],
                [
                    1293,
                    1294
                ],
                [
                    1293,
                    1297
                ],
                [
                    1300,
                    1301
                ],
                [
                    1300,
                    1312
                ],
                [
                    1307,
                    1308
                ],
                [
                    1307,
                    1310
                ],
                [
                    1326,
                    1327
                ],
                [
                    1326,
                    1330
                ],
                [
                    1333,
                    1334
                ],
                [
                    1333,
                    1341
                ],
                [
                    1449,
                    1450
                ],
                [
                    1449,
                    1467
                ],
                [
                    1450,
                    1451
                ],
                [
                    1450,
                    1452
                ],
                [
                    1467,
                    1468
                ],
                [
                    1467,
                    1482
                ],
                [
                    1482,
                    1483
                ],
                [
                    1482,
                    1499
                ],
                [
                    1484,
                    1485
                ],
                [
                    1484,
                    1499
                ],
                [
                    1499,
                    1500
                ],
                [
                    1499,
                    1504
                ],
                [
                    1500,
                    1501
                ],
                [
                    1500,
                    1502
                ],
                [
                    1590,
                    1591
                ],
                [
                    1590,
                    1601
                ],
                [
                    1591,
                    1592
                ],
                [
                    1591,
                    1593
                ],
                [
                    1601,
                    1602
                ],
                [
                    1601,
                    1606
                ],
                [
                    1602,
                    1603
                ],
                [
                    1602,
                    1604
                ],
                [
                    1619,
                    1620
                ],
                [
                    1619,
                    1629
                ],
                [
                    1620,
                    1621
                ],
                [
                    1620,
                    1622
                ],
                [
                    1629,
                    1630
                ],
                [
                    1629,
                    1635
                ],
                [
                    1630,
                    1631
                ],
                [
                    1630,
                    1632
                ],
                [
                    1680,
                    1681
                ],
                [
                    1680,
                    1683
                ],
                [
                    1695,
                    1696
                ],
                [
                    1695,
                    1706
                ],
                [
                    1708,
                    1710
                ],
                [
                    1708,
                    1719
                ],
                [
                    1719,
                    1720
                ],
                [
                    1719,
                    1782
                ],
                [
                    1720,
                    1721
                ],
                [
                    1720,
                    1725
                ],
                [
                    1742,
                    1743
                ],
                [
                    1742,
                    1762
                ],
                [
                    1743,
                    1744
                ],
                [
                    1743,
                    1747
                ],
                [
                    1747,
                    1748
                ],
                [
                    1747,
                    1751
                ],
                [
                    1751,
                    1752
                ],
                [
                    1751,
                    1755
                ],
                [
                    1757,
                    1742
                ],
                [
                    1757,
                    1758
                ],
                [
                    1762,
                    1763
                ],
                [
                    1762,
                    1782
                ],
                [
                    1763,
                    1764
                ],
                [
                    1763,
                    1767
                ],
                [
                    1767,
                    1768
                ],
                [
                    1767,
                    1771
                ],
                [
                    1771,
                    1772
                ],
                [
                    1771,
                    1776
                ],
                [
                    1778,
                    1762
                ],
                [
                    1778,
                    1779
                ],
                [
                    1837,
                    1838
                ],
                [
                    1837,
                    1841
                ],
                [
                    1852,
                    1853
                ],
                [
                    1852,
                    1862
                ],
                [
                    1866,
                    1867
                ],
                [
                    1866,
                    1898
                ],
                [
                    1868,
                    1869
                ],
                [
                    1868,
                    1871
                ],
                [
                    1880,
                    1881
                ],
                [
                    1880,
                    1896
                ],
                [
                    1881,
                    1882
                ],
                [
                    1881,
                    1886
                ],
                [
                    1890,
                    1880
                ],
                [
                    1890,
                    1891
                ],
                [
                    1891,
                    1880
                ],
                [
                    1891,
                    1892
                ],
                [
                    1940,
                    1941
                ],
                [
                    1940,
                    1944
                ],
                [
                    1955,
                    1956
                ],
                [
                    1955,
                    1963
                ],
                [
                    1967,
                    1968
                ],
                [
                    1967,
                    1999
                ],
                [
                    1969,
                    1970
                ],
                [
                    1969,
                    1972
                ],
                [
                    1981,
                    1982
                ],
                [
                    1981,
                    1997
                ],
                [
                    1982,
                    1983
                ],
                [
                    1982,
                    1987
                ],
                [
                    1991,
                    1981
                ],
                [
                    1991,
                    1992
                ],
                [
                    1992,
                    1981
                ],
                [
                    1992,
                    1993
                ],
                [
                    2015,
                    2016
                ],
                [
                    2016,
                    2017
                ],
                [
                    2016,
                    2019
                ],
                [
                    2056,
                    2057
                ],
                [
                    2056,
                    2058
                ],
                [
                    2060,
                    2062
                ],
                [
                    2062,
                    2063
                ],
                [
                    2062,
                    2068
                ],
                [
                    2063,
                    2064
                ],
                [
                    2063,
                    2065
                ],
                [
                    2071,
                    2072
                ],
                [
                    2078,
                    2079
                ],
                [
                    2084,
                    2085
                ],
                [
                    2088,
                    2089
                ],
                [
                    2088,
                    2093
                ],
                [
                    2100,
                    2101
                ],
                [
                    2102,
                    2103
                ],
                [
                    2102,
                    2105
                ],
                [
                    2106,
                    2107
                ],
                [
                    2106,
                    2111
                ],
                [
                    2121,
                    2133
                ],
                [
                    2127,
                    2128
                ],
                [
                    2133,
                    2013
                ],
                [
                    2133,
                    2134
                ],
                [
                    2135,
                    -2009
                ],
                [
                    2167,
                    2172
                ],
                [
                    2172,
                    2173
                ],
                [
                    2172,
                    2174
                ],
                [
                    2174,
                    2175
                ],
                [
                    2174,
                    2188
                ],
                [
                    2181,
                    2184
                ],
                [
                    2185,
                    2186
                ],
                [
                    2196,
                    2195
                ],
                [
                    2197,
                    2195
                ],
                [
                    2203,
                    2209
                ],
                [
                    2213,
                    2214
                ],
                [
                    2213,
                    2216
                ],
                [
                    2236,
                    -2234
                ],
                [
                    2236,
                    2237
                ],
                [
                    2238,
                    2236
                ],
                [
                    2238,
                    2239
                ],
                [
                    2242,
                    2238
                ],
                [
                    2242,
                    2243
                ],
                [
                    2243,
                    2238
                ],
                [
                    2243,
                    2244
                ],
                [
                    2247,
                    -2246
                ],
                [
                    2247,
                    2248
                ],
                [
                    2253,
                    2254
                ],
                [
                    2253,
                    2256
                ],
                [
                    2349,
                    2350
                ],
                [
                    2357,
                    -2354
                ],
                [
                    2357,
                    2360
                ],
                [
                    2360,
                    2357
                ],
                [
                    2360,
                    2361
                ],
                [
                    2379,
                    2380
                ],
                [
                    2383,
                    2384
                ],
                [
                    2386,
                    2387
                ],
                [
                    2447,
                    2449
                ],
                [
                    2447,
                    2460
                ],
                [
                    2462,
                    2463
                ],
                [
                    2462,
                    2464
                ],
                [
                    2472,
                    2473
                ],
                [
                    2472,
                    2475
                ],
                [
                    2480,
                    2481
                ],
                [
                    2480,
                    2485
                ],
                [
                    2481,
                    2480
                ],
                [
                    2481,
                    2484
                ],
                [
                    2489,
                    -2488
                ],
                [
                    2489,
                    2490
                ],
                [
                    2490,
                    2489
                ],
                [
                    2490,
                    2491
                ],
                [
                    2501,
                    2502
                ],
                [
                    2501,
                    2530
                ],
                [
                    2502,
                    2501
                ],
                [
                    2502,
                    2503
                ],
                [
                    2507,
                    2508
                ],
                [
                    2507,
                    2516
                ],
                [
                    2508,
                    2509
                ],
                [
                    2508,
                    2510
                ],
                [
                    2510,
                    2511
                ],
                [
                    2510,
                    2512
                ],
                [
                    2516,
                    2517
                ],
                [
                    2516,
                    2525
                ],
                [
                    2517,
                    2518
                ],
                [
                    2517,
                    2519
                ],
                [
                    2519,
                    2520
                ],
                [
                    2519,
                    2521
                ],
                [
                    2525,
                    2502
                ],
                [
                    2525,
                    2526
                ],
                [
                    2530,
                    2531
                ],
                [
                    2530,
                    2536
                ],
                [
                    2540,
                    2541
                ],
                [
                    2540,
                    2542
                ],
                [
                    2542,
                    2543
                ],
                [
                    2542,
                    2544
                ],
                [
                    2544,
                    2545
                ],
                [
                    2544,
                    2547
                ],
                [
                    2583,
                    2584
                ],
                [
                    2583,
                    2592
                ],
                [
                    2584,
                    2585
                ],
                [
                    2584,
                    2587
                ],
                [
                    2587,
                    2588
                ],
                [
                    2587,
                    2592
                ],
                [
                    2593,
                    2594
                ],
                [
                    2593,
                    2601
                ],
                [
                    2594,
                    2595
                ],
                [
                    2594,
                    2596
                ]
            ],
            "functions": {
                "Decodanda.__init__": {
                    "executed_lines": [
                        203,
                        204,
                        210,
                        211,
                        212,
                        213,
                        214,
                        217,
                        218,
                        224,
                        225,
                        228,
                        229,
                        230,
                        231,
                        232,
                        235,
                        236,
                        237,
                        238,
                        239,
                        240,
                        241,
                        242,
                        243,
                        244,
                        245,
                        246,
                        249,
                        250,
                        251,
                        252,
                        253,
                        254,
                        255,
                        258,
                        259,
                        260,
                        261,
                        264,
                        265,
                        273,
                        276,
                        279,
                        283,
                        290,
                        293,
                        294,
                        296,
                        297,
                        299,
                        300,
                        301
                    ],
                    "summary": {
                        "covered_lines": 53,
                        "num_statements": 56,
                        "percent_covered": 86.84210526315789,
                        "percent_covered_display": "87",
                        "missing_lines": 3,
                        "excluded_lines": 0,
                        "num_branches": 20,
                        "num_partial_branches": 5,
                        "covered_branches": 13,
                        "missing_branches": 7
                    },
                    "missing_lines": [
                        219,
                        284,
                        285
                    ],
                    "excluded_lines": [],
                    "executed_branches": [
                        [
                            203,
                            204
                        ],
                        [
                            210,
                            211
                        ],
                        [
                            212,
                            213
                        ],
                        [
                            212,
                            214
                        ],
                        [
                            217,
                            218
                        ],
                        [
                            217,
                            224
                        ],
                        [
                            218,
                            217
                        ],
                        [
                            224,
                            225
                        ],
                        [
                            230,
                            231
                        ],
                        [
                            230,
                            232
                        ],
                        [
                            283,
                            290
                        ],
                        [
                            299,
                            -34
                        ],
                        [
                            299,
                            300
                        ]
                    ],
                    "missing_branches": [
                        [
                            203,
                            210
                        ],
                        [
                            210,
                            217
                        ],
                        [
                            218,
                            219
                        ],
                        [
                            224,
                            228
                        ],
                        [
                            283,
                            284
                        ],
                        [
                            284,
                            -34
                        ],
                        [
                            284,
                            285
                        ]
                    ]
                },
                "Decodanda._train": {
                    "executed_lines": [
                        307,
                        308,
                        310,
                        311,
                        313,
                        315,
                        317
                    ],
                    "summary": {
                        "covered_lines": 7,
                        "num_statements": 7,
                        "percent_covered": 100.0,
                        "percent_covered_display": "100",
                        "missing_lines": 0,
                        "excluded_lines": 0,
                        "num_branches": 0,
                        "num_partial_branches": 0,
                        "covered_branches": 0,
                        "missing_branches": 0
                    },
                    "missing_lines": [],
                    "excluded_lines": [],
                    "executed_branches": [],
                    "missing_branches": []
                },
                "Decodanda._test": {
                    "executed_lines": [
                        321,
                        322,
                        324,
                        325,
                        327,
                        329,
                        334,
                        335
                    ],
                    "summary": {
                        "covered_lines": 8,
                        "num_statements": 12,
                        "percent_covered": 64.28571428571429,
                        "percent_covered_display": "64",
                        "missing_lines": 4,
                        "excluded_lines": 0,
                        "num_branches": 2,
                        "num_partial_branches": 1,
                        "covered_branches": 1,
                        "missing_branches": 1
                    },
                    "missing_lines": [
                        330,
                        331,
                        332,
                        333
                    ],
                    "excluded_lines": [],
                    "executed_branches": [
                        [
                            329,
                            334
                        ]
                    ],
                    "missing_branches": [
                        [
                            329,
                            330
                        ]
                    ]
                },
                "Decodanda._one_cv_step": {
                    "executed_lines": [
                        338,
                        339,
                        341,
                        342,
                        343,
                        344,
                        345,
                        347,
                        348,
                        349,
                        350,
                        351,
                        353,
                        354,
                        355,
                        356,
                        359,
                        360,
                        361,
                        363,
                        364,
                        370,
                        376,
                        377,
                        379,
                        380,
                        386,
                        387,
                        388,
                        394,
                        395,
                        396,
                        397,
                        399,
                        404,
                        414,
                        416,
                        417,
                        418,
                        419,
                        420,
                        421,
                        422,
                        423,
                        424,
                        426,
                        428
                    ],
                    "summary": {
                        "covered_lines": 47,
                        "num_statements": 66,
                        "percent_covered": 74.46808510638297,
                        "percent_covered_display": "74",
                        "missing_lines": 19,
                        "excluded_lines": 0,
                        "num_branches": 28,
                        "num_partial_branches": 5,
                        "covered_branches": 23,
                        "missing_branches": 5
                    },
                    "missing_lines": [
                        371,
                        372,
                        373,
                        374,
                        389,
                        390,
                        391,
                        392,
                        400,
                        401,
                        402,
                        405,
                        406,
                        407,
                        408,
                        409,
                        410,
                        411,
                        412
                    ],
                    "excluded_lines": [],
                    "executed_branches": [
                        [
                            338,
                            339
                        ],
                        [
                            343,
                            344
                        ],
                        [
                            343,
                            345
                        ],
                        [
                            349,
                            350
                        ],
                        [
                            349,
                            351
                        ],
                        [
                            363,
                            364
                        ],
                        [
                            363,
                            379
[...]
                        531,
                        532,
                        533,
                        534,
                        536,
                        537,
                        538,
                        539,
                        542,
                        543,
                        546,
                        549,
                        550,
                        551,
                        552,
                        555,
                        556,
                        559,
                        561,
                        562,
                        563,
                        564,
                        565,
                        567,
                        568,
                        569,
                        571,
                        572,
                        573,
                        575,
                        576,
                        578,
                        579,
                        581,
                        582,
                        583
                    ],
                    "excluded_lines": [],
                    "executed_branches": [],
                    "missing_branches": [
                        [
                            13,
                            14
                        ],
                        [
                            13,
                            17
                        ],
                        [
                            28,
                            29
                        ],
                        [
                            28,
                            30
                        ],
                        [
                            31,
                            32
                        ],
                        [
                            31,
                            34
                        ],
                        [
                            43,
                            44
                        ],
                        [
                            43,
                            49
                        ],
                        [
                            53,
                            54
                        ],
                        [
                            53,
                            56
                        ],
                        [
                            54,
                            55
                        ],
                        [
                            54,
                            56
                        ],
                        [
                            56,
                            57
                        ],
                        [
                            56,
                            59
                        ],
                        [
                            63,
                            64
                        ],
                        [
                            63,
                            66
                        ],
                        [
                            81,
                            82
                        ],
                        [
                            81,
                            83
                        ],
                        [
                            92,
                            93
                        ],
                        [
                            92,
                            94
                        ],
                        [
                            96,
                            97
                        ],
                        [
                            96,
                            99
                        ],
                        [
                            107,
                            108
                        ],
                        [
                            107,
                            109
                        ],
                        [
                            109,
                            110
                        ],
                        [
                            109,
                            111
                        ],
                        [
                            111,
                            112
                        ],
                        [
                            111,
                            114
                        ],
                        [
                            114,
                            115
                        ],
                        [
                            114,
                            116
                        ],
                        [
                            119,
                            120
                        ],
                        [
                            119,
                            151
                        ],
                        [
                            120,
                            121
                        ],
                        [
                            120,
                            128
                        ],
                        [
                            128,
                            129
                        ],
                        [
                            128,
                            133
                        ],
                        [
                            134,
                            135
                        ],
                        [
                            134,
                            144
                        ],
                        [
                            145,
                            119
                        ],
                        [
                            145,
                            146
                        ],
                        [
                            155,
                            156
                        ],
                        [
                            155,
                            159
                        ],
                        [
                            159,
                            160
                        ],
                        [
                            159,
                            162
                        ],
                        [
                            162,
                            163
                        ],
                        [
                            162,
                            169
                        ],
                        [
                            169,
                            170
                        ],
                        [
                            169,
                            175
                        ],
                        [
                            199,
                            200
                        ],
                        [
                            199,
                            202
                        ],
                        [
                            207,
                            208
                        ],
                        [
                            207,
                            210
                        ],
                        [
                            216,
                            217
                        ],
                        [
                            216,
                            227
                        ],
                        [
                            219,
                            220
                        ],
                        [
                            219,
                            225
                        ],
                        [
                            220,
                            219
                        ],
                        [
                            220,
                            221
                        ],
                        [
                            268,
                            269
                        ],
                        [
                            268,
                            270
                        ],
                        [
                            285,
                            286
                        ],
                        [
                            285,
                            287
                        ],
                        [
                            298,
                            299
                        ],
                        [
                            298,
                            302
                        ],
                        [
                            307,
                            308
                        ],
                        [
                            307,
                            313
                        ],
                        [
                            308,
                            309
                        ],
                        [
                            308,
                            310
                        ],
                        [
                            310,
                            311
                        ],
                        [
                            310,
                            313
                        ],
                        [
                            313,
                            314
                        ],
                        [
                            313,
                            323
                        ],
                        [
                            323,
                            324
                        ],
                        [
                            323,
                            332
                        ],
                        [
                            342,
                            -186
                        ],
                        [
                            342,
                            343
                        ],
                        [
                            349,
                            350
                        ],
                        [
                            349,
                            351
                        ],
                        [
                            351,
                            352
                        ],
                        [
                            351,
                            353
                        ],
                        [
                            353,
                            354
                        ],
                        [
                            353,
                            358
                        ],
                        [
                            358,
                            359
                        ],
                        [
                            358,
                            364
                        ],
                        [
                            368,
                            369
                        ],
                        [
                            368,
                            372
                        ],
                        [
                            381,
                            382
                        ],
                        [
                            381,
                            385
                        ],
                        [
                            398,
                            399
                        ],
                        [
                            398,
                            401
                        ],
                        [
                            401,
                            402
                        ],
                        [
                            401,
                            421
                        ],
                        [
                            402,
                            403
                        ],
                        [
                            402,
                            409
                        ],
                        [
                            421,
                            422
                        ],
                        [
                            421,
                            425
                        ],
                        [
                            433,
                            434
                        ],
                        [
                            433,
                            436
                        ],
                        [
                            436,
                            437
                        ],
                        [
                            436,
                            444
                        ],
                        [
                            437,
                            436
                        ],
                        [
                            437,
                            438
                        ],
                        [
                            438,
                            439
                        ],
                        [
                            438,
                            441
                        ],
                        [
                            441,
                            437
                        ],
                        [
                            441,
                            442
                        ],
                        [
                            455,
                            456
                        ],
                        [
                            455,
                            461
                        ],
                        [
                            475,
                            476
                        ],
                        [
                            475,
                            477
                        ],
                        [
                            477,
                            478
                        ],
                        [
                            477,
                            480
                        ],
                        [
                            480,
                            481
                        ],
                        [
                            480,
                            485
                        ],
                        [
                            486,
                            487
                        ],
                        [
                            486,
                            490
                        ],
                        [
                            487,
                            488
                        ],
                        [
                            487,
                            490
                        ],
                        [
                            488,
                            487
                        ],
                        [
                            488,
                            489
                        ],
                        [
                            495,
                            496
                        ],
                        [
                            495,
                            498
                        ],
                        [
                            500,
                            501
                        ],
                        [
                            500,
                            518
                        ],
                        [
                            501,
                            502
                        ],
                        [
                            501,
                            508
                        ],
                        [
                            518,
                            519
                        ],
                        [
                            518,
                            525
                        ],
                        [
                            520,
                            521
                        ],
                        [
                            520,
                            522
                        ],
                        [
                            522,
                            523
                        ],
                        [
                            522,
                            528
                        ],
                        [
                            531,
                            532
                        ],
                        [
                            531,
                            569
                        ],
                        [
                            533,
                            534
                        ],
                        [
                            533,
                            536
                        ],
                        [
                            537,
                            538
                        ],
                        [
                            537,
                            564
                        ],
                        [
                            538,
                            539
                        ],
                        [
                            538,
                            542
                        ],
                        [
                            542,
                            543
                        ],
                        [
                            542,
                            549
                        ],
                        [
                            549,
                            550
                        ],
                        [
                            549,
                            559
                        ],
                        [
                            550,
                            549
                        ],
                        [
                            550,
                            551
                        ],
                        [
                            551,
                            552
                        ],
                        [
                            551,
                            555
                        ],
                        [
                            555,
                            550
                        ],
                        [
                            555,
                            556
                        ],
                        [
                            564,
                            565
                        ],
                        [
                            564,
                            567
                        ],
                        [
                            567,
                            531
                        ],
                        [
                            567,
                            568
                        ],
                        [
                            575,
                            576
                        ],
                        [
                            575,
                            581
                        ]
                    ]
                }
            }
        }
    },
    "totals": {
        "covered_lines": 596,
        "num_statements": 2353,
        "percent_covered": 23.246792002387348,
        "percent_covered_display": "23",
        "missing_lines": 1757,
        "excluded_lines": 0,
        "num_branches": 998,
        "num_partial_branches": 55,
        "covered_branches": 183,
        "missing_branches": 815
    }
}