SF:decodanda\__init__.py
DA:1,1
DA:3,1
DA:4,1
DA:5,1
LF:4
LH:4
end_of_record
SF:decodanda\classes.py
DA:14,1
DA:15,1
DA:17,1
DA:18,1
DA:19,1
DA:21,1
DA:22,1
DA:28,1
DA:33,1
DA:34,1
DA:203,1
DA:204,1
DA:210,1
DA:211,1
DA:212,1
DA:213,1
DA:214,1
DA:217,1
DA:218,1
DA:219,0
DA:224,1
DA:225,1
DA:228,1
DA:229,1
DA:230,1
DA:231,1
DA:232,1
DA:235,1
DA:236,1
DA:237,1
DA:238,1
DA:239,1
DA:240,1
DA:241,1
DA:242,1
DA:243,1
DA:244,1
DA:245,1
DA:246,1
DA:249,1
DA:250,1
DA:251,1
DA:252,1
DA:253,1
DA:254,1
DA:255,1
DA:258,1
DA:259,1
DA:260,1
DA:261,1
DA:264,1
DA:265,1
DA:273,1
DA:276,1
DA:279,1
DA:283,1
DA:284,0
DA:285,0
DA:290,1
DA:293,1
DA:294,1
DA:296,1
DA:297,1
DA:299,1
DA:300,1
DA:301,1
DA:305,1
DA:307,1
DA:308,1
DA:310,1
DA:311,1
DA:313,1
DA:315,1
DA:317,1
DA:319,1
DA:321,1
DA:322,1
DA:324,1
DA:325,1
DA:327,1
DA:329,1
DA:330,0
DA:331,0
DA:332,0
DA:333,0
DA:334,1
DA:335,1
DA:337,1
DA:338,1
DA:339,1
DA:341,1
DA:342,1
DA:343,1
DA:344,1
DA:345,1
DA:347,1
DA:348,1
DA:349,1
DA:350,1
DA:351,1
DA:353,1
DA:354,1
DA:355,1
DA:356,1
DA:359,1
DA:360,1
DA:361,1
DA:363,1
DA:364,1
DA:370,1
DA:371,0
DA:372,0
DA:373,0
DA:374,0
DA:376,1
DA:377,1
DA:379,1
DA:380,1
DA:386,1
DA:387,1
DA:388,1
DA:389,0
DA:390,0
DA:391,0
DA:392,0
DA:394,1
DA:395,1
DA:396,1
DA:397,1
DA:399,1
DA:400,0
DA:401,0
DA:402,0
DA:404,1
DA:405,0
DA:406,0
DA:407,0
DA:408,0
DA:409,0
DA:410,0
DA:411,0
DA:412,0
DA:414,1
DA:416,1
DA:417,1
DA:418,1
DA:419,1
DA:420,1
DA:421,1
DA:422,1
DA:423,1
DA:424,1
DA:426,1
DA:428,1
DA:432,1
DA:451,0
DA:452,0
DA:453,0
DA:454,0
DA:456,0
DA:457,0
DA:458,0
DA:459,0
DA:461,0
DA:462,0
DA:463,0
DA:464,0
DA:465,0
DA:466,0
DA:467,0
DA:469,0
DA:470,0
DA:471,0
DA:472,0
DA:473,0
DA:474,0
DA:475,0
DA:477,0
DA:478,0
DA:479,0
DA:480,0
DA:481,0
DA:483,0
DA:485,1
DA:507,0
DA:508,0
DA:509,0
DA:510,0
DA:512,0
DA:513,0
DA:515,0
DA:516,0
DA:517,0
DA:519,0
DA:520,0
DA:524,0
DA:525,0
DA:527,0
DA:528,0
DA:529,0
DA:531,0
DA:532,0
DA:533,0
DA:534,0
DA:535,0
DA:537,0
DA:538,0
DA:541,0
DA:542,0
DA:543,0
DA:544,0
DA:546,0
DA:550,1
DA:647,1
DA:648,0
DA:650,1
DA:651,1
DA:652,0
DA:653,1
DA:654,0
DA:655,1
DA:656,0
DA:657,1
DA:658,1
DA:660,1
DA:661,0
DA:662,0
DA:663,0
DA:665,1
DA:667,1
DA:669,0
DA:670,0
DA:681,0
DA:683,0
DA:684,0
DA:685,0
DA:687,0
DA:690,1
DA:691,1
DA:692,0
DA:693,1
DA:694,1
DA:695,0
DA:697,1
DA:699,1
DA:700,0
DA:701,1
DA:702,1
DA:703,1
DA:705,1
DA:795,0
DA:796,0
DA:798,0
DA:800,0
DA:801,0
DA:802,0
DA:803,0
DA:805,0
DA:807,0
DA:808,0
DA:809,0
DA:810,0
DA:811,0
DA:813,0
DA:815,0
DA:816,0
DA:818,0
DA:819,0
DA:821,0
DA:823,0
DA:824,0
DA:825,0
DA:826,0
DA:828,0
DA:829,0
DA:830,0
DA:832,0
DA:833,0
DA:834,0
DA:835,0
DA:837,0
DA:838,0
DA:839,0
DA:840,0
DA:842,0
DA:843,0
DA:844,0
DA:845,0
DA:847,0
DA:848,0
DA:850,0
DA:852,0
DA:855,0
DA:856,0
DA:857,0
DA:858,0
DA:859,0
DA:860,0
DA:861,0
DA:863,0
DA:864,0
DA:866,0
DA:867,0
DA:868,0
DA:869,0
DA:870,0
DA:871,0
DA:872,0
DA:874,0
DA:875,0
DA:876,0
DA:878,0
DA:879,0
DA:880,0
DA:881,0
DA:883,0
DA:884,0
DA:886,0
DA:887,0
DA:888,0
DA:889,0
DA:891,0
DA:892,0
DA:893,0
DA:894,0
DA:896,0
DA:897,0
DA:898,0
DA:899,0
DA:901,0
DA:902,0
DA:904,0
DA:905,0
DA:907,0
DA:908,0
DA:909,0
DA:910,0
DA:912,0
DA:913,0
DA:914,0
DA:915,0
DA:917,0
DA:918,0
DA:919,0
DA:920,0
DA:922,0
DA:923,0
DA:925,0
DA:926,0
DA:928,0
DA:929,0
DA:930,0
DA:931,0
DA:932,0
DA:933,0
DA:934,0
DA:936,0
DA:937,0
DA:939,0
DA:940,0
DA:941,0
DA:942,0
DA:943,0
DA:944,0
DA:945,0
DA:947,0
DA:948,0
DA:950,0
DA:951,0
DA:953,0
DA:955,0
DA:957,0
DA:959,1
DA:964,0
DA:965,0
DA:967,0
DA:969,0
DA:971,0
DA:973,0
DA:974,0
DA:976,0
DA:977,0
DA:978,0
DA:979,0
DA:980,0
DA:981,0
DA:982,0
DA:984,0
DA:985,0
DA:986,0
DA:987,0
DA:988,0
DA:989,0
DA:990,0
DA:992,0
DA:993,0
DA:994,0
DA:995,0
DA:996,0
DA:997,0
DA:998,0
DA:1000,0
DA:1001,0
DA:1002,0
DA:1004,0
DA:1005,0
DA:1006,0
DA:1007,0
DA:1008,0
DA:1009,0
DA:1010,0
DA:1011,0
DA:1012,0
DA:1014,0
DA:1016,0
DA:1017,0
DA:1019,0
DA:1023,1
DA:1137,1
DA:1138,0
DA:1140,1
DA:1142,1
DA:1150,1
DA:1151,0
DA:1153,1
DA:1155,1
DA:1156,0
DA:1158,0
DA:1159,0
DA:1161,1
DA:1163,1
DA:1165,1
DA:1166,1
DA:1176,1
DA:1178,1
DA:1179,0
DA:1182,1
DA:1184,1
DA:1285,0
DA:1288,0
DA:1289,0
DA:1291,0
DA:1293,0
DA:1294,0
DA:1295,0
DA:1297,0
DA:1299,0
DA:1300,0
DA:1301,0
DA:1307,0
DA:1308,0
DA:1310,0
DA:1312,0
DA:1314,1
DA:1321,0
DA:1326,0
DA:1327,0
DA:1328,0
DA:1330,0
DA:1332,0
DA:1333,0
DA:1334,0
DA:1339,0
DA:1341,0
DA:1345,1
DA:1445,0
DA:1447,0
DA:1448,0
DA:1449,0
DA:1450,0
DA:1451,0
DA:1452,0
DA:1464,0
DA:1465,0
DA:1467,0
DA:1468,0
DA:1469,0
DA:1479,0
DA:1480,0
DA:1482,0
DA:1483,0
DA:1484,0
DA:1485,0
DA:1486,0
DA:1496,0
DA:1497,0
DA:1499,0
DA:1500,0
DA:1501,0
DA:1502,0
DA:1504,0
DA:1508,1
DA:1586,0
DA:1588,0
DA:1589,0
DA:1590,0
DA:1591,0
DA:1592,0
DA:1593,0
DA:1598,0
DA:1599,0
DA:1601,0
DA:1602,0
DA:1603,0
DA:1604,0
DA:1606,0
DA:1608,1
DA:1615,0
DA:1617,0
DA:1618,0
DA:1619,0
DA:1620,0
DA:1621,0
DA:1622,0
DA:1626,0
DA:1627,0
DA:1629,0
DA:1630,0
DA:1631,0
DA:1632,0
DA:1635,0
DA:1637,1
DA:1676,0
DA:1677,0
DA:1678,0
DA:1680,0
DA:1681,0
DA:1682,0
DA:1683,0
DA:1686,0
DA:1687,0
DA:1688,0
DA:1689,0
DA:1693,0
DA:1694,0
DA:1695,0
DA:1696,0
DA:1702,0
DA:1703,0
DA:1706,0
DA:1707,0
DA:1708,0
DA:1710,0
DA:1715,0
DA:1716,0
DA:1719,0
DA:1720,0
DA:1721,0
DA:1722,0
DA:1723,0
DA:1725,0
DA:1726,0
DA:1727,0
DA:1728,0
DA:1729,0
DA:1731,0
DA:1732,0
DA:1733,0
DA:1734,0
DA:1735,0
DA:1736,0
DA:1737,0
DA:1738,0
DA:1739,0
DA:1742,0
DA:1743,0
DA:1744,0
DA:1747,0
DA:1748,0
DA:1751,0
DA:1752,0
DA:1755,0
DA:1757,0
DA:1758,0
DA:1762,0
DA:1763,0
DA:1764,0
DA:1767,0
DA:1768,0
DA:1771,0
DA:1772,0
DA:1776,0
DA:1778,0
DA:1779,0
DA:1782,0
DA:1783,0
DA:1784,0
DA:1786,0
DA:1788,1
DA:1830,0
DA:1831,0
DA:1832,0
DA:1833,0
DA:1834,0
DA:1835,0
DA:1837,0
DA:1838,0
DA:1839,0
DA:1840,0
DA:1841,0
DA:1844,0
DA:1845,0
DA:1846,0
DA:1847,0
DA:1848,0
DA:1852,0
DA:1853,0
DA:1859,0
DA:1860,0
DA:1862,0
DA:1863,0
DA:1866,0
DA:1867,0
DA:1868,0
DA:1869,0
DA:1871,0
DA:1873,0
DA:1874,0
DA:1875,0
DA:1876,0
DA:1877,0
DA:1880,0
DA:1881,0
DA:1882,0
DA:1886,0
DA:1889,0
DA:1890,0
DA:1891,0
DA:1892,0
DA:1896,0
DA:1898,0
DA:1900,1
DA:1933,0
DA:1934,0
DA:1935,0
DA:1936,0
DA:1937,0
DA:1938,0
DA:1940,0
DA:1941,0
DA:1942,0
DA:1943,0
DA:1944,0
DA:1947,0
DA:1948,0
DA:1949,0
DA:1950,0
DA:1951,0
DA:1955,0
DA:1956,0
DA:1960,0
DA:1961,0
DA:1963,0
DA:1964,0
DA:1967,0
DA:1968,0
DA:1969,0
DA:1970,0
DA:1972,0
DA:1974,0
DA:1975,0
DA:1976,0
DA:1977,0
DA:1978,0
DA:1981,0
DA:1982,0
DA:1983,0
DA:1987,0
DA:1990,0
DA:1991,0
DA:1992,0
DA:1993,0
DA:1997,0
DA:1999,0
DA:2003,1
DA:2004,0
DA:2005,0
DA:2009,1
DA:2013,1
DA:2015,1
DA:2016,0
DA:2017,0
DA:2019,0
DA:2021,1
DA:2022,1
DA:2025,1
DA:2026,1
DA:2028,1
DA:2029,1
DA:2030,1
DA:2031,1
DA:2032,1
DA:2033,1
DA:2034,1
DA:2036,1
DA:2038,1
DA:2040,1
DA:2041,1
DA:2044,1
DA:2045,1
DA:2046,1
DA:2047,1
DA:2048,1
DA:2051,1
DA:2054,1
DA:2055,0
DA:2056,0
DA:2057,0
DA:2058,0
DA:2060,1
DA:2061,1
DA:2062,0
DA:2063,0
DA:2064,0
DA:2065,0
DA:2066,0
DA:2068,0
DA:2069,0
DA:2071,1
DA:2072,0
DA:2073,0
DA:2074,0
DA:2075,0
DA:2078,1
DA:2079,0
DA:2080,0
DA:2081,0
DA:2084,1
DA:2085,0
DA:2086,0
DA:2087,0
DA:2088,0
DA:2089,0
DA:2090,0
DA:2091,0
DA:2093,0
DA:2094,0
DA:2097,1
DA:2098,1
DA:2100,1
DA:2101,0
DA:2102,0
DA:2103,0
DA:2104,0
DA:2105,0
DA:2106,0
DA:2107,0
DA:2111,0
DA:2113,1
DA:2114,1
DA:2116,1
DA:2117,1
DA:2121,1
DA:2123,1
DA:2124,1
DA:2125,1
DA:2127,1
DA:2128,0
DA:2129,1
DA:2130,1
DA:2131,1
DA:2133,0
DA:2134,0
DA:2135,1
DA:2136,1
DA:2138,1
DA:2139,1
DA:2140,1
DA:2141,1
DA:2143,1
DA:2144,1
DA:2145,1
DA:2146,1
DA:2147,1
DA:2148,1
DA:2149,1
DA:2151,1
DA:2152,1
DA:2153,1
DA:2155,1
DA:2156,1
DA:2157,1
DA:2158,1
DA:2159,1
DA:2160,1
DA:2162,1
DA:2163,1
DA:2164,1
DA:2165,1
DA:2166,1
DA:2167,1
DA:2168,1
DA:2169,1
DA:2170,1
DA:2172,0
DA:2173,0
DA:2174,0
DA:2175,0
DA:2177,1
DA:2178,1
DA:2179,1
DA:2180,1
DA:2181,1
DA:2182,1
DA:2184,0
DA:2185,1
DA:2186,0
DA:2187,0
DA:2188,1
DA:2190,1
DA:2191,1
DA:2192,1
DA:2193,1
DA:2194,1
DA:2195,1
DA:2196,1
DA:2197,1
DA:2198,1
DA:2199,1
DA:2200,1
DA:2202,1
DA:2203,1
DA:2204,1
DA:2205,1
DA:2206,1
DA:2207,1
DA:2208,1
DA:2209,1
DA:2211,1
DA:2212,0
DA:2213,0
DA:2214,0
DA:2216,0
DA:2219,0
DA:2221,1
DA:2222,1
DA:2223,1
DA:2224,1
DA:2225,1
DA:2226,1
DA:2227,1
DA:2228,1
DA:2230,1
DA:2231,1
DA:2234,1
DA:2235,0
DA:2236,0
DA:2237,0
DA:2238,0
DA:2239,0
DA:2240,0
DA:2241,0
DA:2242,0
DA:2243,0
DA:2244,0
DA:2246,1
DA:2247,0
DA:2248,0
DA:2252,1
DA:2253,0
DA:2254,0
DA:2256,0
DA:2258,1
DA:2259,0
DA:2261,1
DA:2274,1
DA:2275,1
DA:2276,1
DA:2278,1
DA:2279,1
DA:2280,1
DA:2281,1
DA:2282,1
DA:2283,1
DA:2285,1
DA:2286,1
DA:2289,1
DA:2290,1
DA:2292,1
DA:2293,1
DA:2298,1
DA:2299,1
DA:2301,1
DA:2302,1
DA:2303,1
DA:2305,1
DA:2306,1
DA:2307,1
DA:2309,1
DA:2310,1
DA:2312,1
DA:2313,1
DA:2315,1
DA:2316,1
DA:2318,1
DA:2319,1
DA:2321,1
DA:2322,1
DA:2325,1
DA:2327,1
DA:2328,1
DA:2329,1
DA:2330,1
DA:2331,1
DA:2334,1
DA:2335,1
DA:2337,1
DA:2338,1
DA:2339,1
DA:2340,1
DA:2341,1
DA:2342,1
DA:2343,1
DA:2344,1
DA:2345,1
DA:2346,1
DA:2347,1
DA:2349,1
DA:2350,0
DA:2351,0
DA:2352,0
DA:2354,1
DA:2357,0
DA:2360,0
DA:2361,0
DA:2362,0
DA:2363,0
DA:2364,0
DA:2371,0
DA:2373,1
DA:2374,1
DA:2375,1
DA:2376,1
DA:2378,1
DA:2379,1
DA:2380,0
DA:2381,1
DA:2382,1
DA:2383,1
DA:2384,0
DA:2385,0
DA:2386,1
DA:2387,0
DA:2388,1
DA:2390,1
DA:2391,0
DA:2392,0
DA:2397,1
DA:2445,0
DA:2447,0
DA:2449,0
DA:2450,0
DA:2451,0
DA:2454,0
DA:2455,0
DA:2456,0
DA:2458,0
DA:2460,0
DA:2462,0
DA:2463,0
DA:2464,0
DA:2470,1
DA:2471,0
DA:2472,0
DA:2473,0
DA:2475,0
DA:2478,1
DA:2479,0
DA:2480,0
DA:2481,0
DA:2484,0
DA:2485,0
DA:2488,1
DA:2489,0
DA:2490,0
DA:2491,0
DA:2494,1
DA:2495,0
DA:2496,0
DA:2498,0
DA:2499,0
DA:2501,0
DA:2502,0
DA:2503,0
DA:2504,0
DA:2505,0
DA:2507,0
DA:2508,0
DA:2509,0
DA:2510,0
DA:2511,0
DA:2512,0
DA:2513,0
DA:2516,0
DA:2517,0
DA:2518,0
DA:2519,0
DA:2520,0
DA:2521,0
DA:2522,0
DA:2525,0
DA:2526,0
DA:2530,0
DA:2531,0
DA:2532,0
DA:2533,0
DA:2534,0
DA:2536,0
DA:2539,1
DA:2540,0
DA:2541,0
DA:2542,0
DA:2543,0
DA:2544,0
DA:2545,0
DA:2547,0
DA:2554,0
DA:2557,1
DA:2558,1
DA:2559,1
DA:2560,1
DA:2564,1
DA:2567,1
DA:2568,1
DA:2571,1
DA:2572,1
DA:2573,0
DA:2574,0
DA:2575,0
DA:2576,0
DA:2578,1
DA:2579,0
DA:2580,0
DA:2581,0
DA:2582,0
DA:2583,0
DA:2584,0
DA:2585,0
DA:2586,0
DA:2587,0
DA:2588,0
DA:2589,0
DA:2590,0
DA:2592,0
DA:2593,0
DA:2594,0
DA:2595,0
DA:2596,0
DA:2597,0
DA:2598,0
DA:2599,0
DA:2601,0
LF:1052
LH:376
FN:34,301,Decodanda.__init__
FNDA:1,Decodanda.__init__
FN:305,317,Decodanda._train
FNDA:1,Decodanda._train
FN:319,335,Decodanda._test
FNDA:1,Decodanda._test
FN:337,428,Decodanda._one_cv_step
FNDA:1,Decodanda._one_cv_step
FN:432,483,Decodanda.balanced_resample
FNDA:0,Decodanda.balanced_resample
FN:485,546,Decodanda.split_resample
FNDA:0,Decodanda.split_resample
FN:550,703,Decodanda.decode_dichotomy
FNDA:1,Decodanda.decode_dichotomy
FN:705,957,Decodanda.CCGP_dichotomy
FNDA:0,Decodanda.CCGP_dichotomy
FN:959,1019,Decodanda.parallelism_score_dichotomy
FNDA:0,Decodanda.parallelism_score_dichotomy
FN:1023,1182,Decodanda.decode_with_nullmodel
FNDA:1,Decodanda.decode_with_nullmodel
FN:1184,1312,Decodanda.CCGP_with_nullmodel
FNDA:0,Decodanda.CCGP_with_nullmodel
FN:1314,1341,Decodanda.PS_with_nullmodel
FNDA:0,Decodanda.PS_with_nullmodel
FN:1345,1504,Decodanda.decode
FNDA:0,Decodanda.decode
FN:1508,1606,Decodanda.CCGP
FNDA:0,Decodanda.CCGP
FN:1608,1635,Decodanda.PS
FNDA:0,Decodanda.PS
FN:1637,1786,Decodanda.semantic_score_geometry
FNDA:0,Decodanda.semantic_score_geometry
FN:1788,1898,Decodanda.shattering_dimensionality
FNDA:0,Decodanda.shattering_dimensionality
FN:1900,1999,Decodanda.shattering_generalization
FNDA:0,Decodanda.shattering_generalization
FN:2003,2005,Decodanda.visualize_PCA
FNDA:0,Decodanda.visualize_PCA
FN:2009,2136,Decodanda._divide_data_into_conditions
FNDA:1,Decodanda._divide_data_into_conditions
FN:2054,2058,Decodanda._divide_data_into_conditions.condition_no
FNDA:0,Decodanda._divide_data_into_conditions.condition_no
FN:2138,2149,Decodanda._find_semantic_dichotomies
FNDA:1,Decodanda._find_semantic_dichotomies
FN:2151,2160,Decodanda._find_nonsemantic_dichotomies
FNDA:1,Decodanda._find_nonsemantic_dichotomies
FN:2162,2188,Decodanda.all_dichotomies
FNDA:1,Decodanda.all_dichotomies
FN:2190,2200,Decodanda._powerchotomies
FNDA:1,Decodanda._powerchotomies
FN:2202,2209,Decodanda._dic_key
FNDA:1,Decodanda._dic_key
FN:2211,2219,Decodanda._dichotomy_from_key
FNDA:0,Decodanda._dichotomy_from_key
FN:2221,2228,Decodanda._generate_semantic_vectors
FNDA:1,Decodanda._generate_semantic_vectors
FN:2230,2232,Decodanda._compute_centroids
FNDA:1,Decodanda._compute_centroids
FN:2234,2244,Decodanda._zscore_activity
FNDA:0,Decodanda._zscore_activity
FN:2246,2248,Decodanda._print
FNDA:0,Decodanda._print
FN:2252,2256,Decodanda._generate_random_subset
FNDA:0,Decodanda._generate_random_subset
FN:2258,2259,Decodanda._reset_random_subset
FNDA:0,Decodanda._reset_random_subset
FN:2261,2352,Decodanda._shuffle_conditioned_arrays
FNDA:1,Decodanda._shuffle_conditioned_arrays
FN:2354,2371,Decodanda._rototraslate_conditioned_rasters
FNDA:0,Decodanda._rototraslate_conditioned_rasters
FN:2373,2376,Decodanda._order_conditioned_rasters
FNDA:1,Decodanda._order_conditioned_rasters
FN:2378,2388,Decodanda._check_trial_availability
FNDA:1,Decodanda._check_trial_availability
FN:2390,2392,Decodanda._reset_weight_arrays
FNDA:0,Decodanda._reset_weight_arrays
FN:2397,2464,decoding_analysis
FNDA:0,decoding_analysis
FN:2470,2475,check_session_requirements
FNDA:0,check_session_requirements
FN:2478,2485,check_requirements_two_conditions
FNDA:0,check_requirements_two_conditions
FN:2488,2491,balance_decodandas
FNDA:0,balance_decodandas
FN:2494,2536,_balance_two_decodandas
FNDA:0,_balance_two_decodandas
FN:2539,2554,_generate_binary_condition
FNDA:0,_generate_binary_condition
FN:2557,2564,_generate_binary_conditions
FNDA:1,_generate_binary_conditions
FN:2567,2568,_powerchotomy_to_key
FNDA:1,_powerchotomy_to_key
FN:2572,2576,_NullmodelIterator.__init__
FNDA:0,_NullmodelIterator.__init__
FN:2578,2601,_NullmodelIterator.__call__
FNDA:0,_NullmodelIterator.__call__
FNF:48
FNH:19
BRDA:203,0,jump to line 204,1
BRDA:203,0,jump to line 210,0
BRDA:210,0,jump to line 211,1
BRDA:210,0,jump to line 217,0
BRDA:212,0,jump to line 213,1
BRDA:212,0,jump to line 214,1
BRDA:217,0,jump to line 218,1
BRDA:217,0,jump to line 224,1
BRDA:218,0,jump to line 217,1
BRDA:218,0,jump to line 219,0
BRDA:224,0,jump to line 225,1
BRDA:224,0,jump to line 228,0
BRDA:230,0,jump to line 231,1
BRDA:230,0,jump to line 232,1
BRDA:283,0,jump to line 284,0
BRDA:283,0,jump to line 290,1
BRDA:284,0,jump to line 285,-
BRDA:284,0,return from function '__init__',-
BRDA:299,0,jump to line 300,1
BRDA:299,0,return from function '__init__',1
BRDA:329,0,jump to line 330,0
BRDA:329,0,jump to line 334,1
BRDA:338,0,jump to line 339,1
BRDA:338,0,jump to line 341,0
BRDA:343,0,jump to line 344,1
BRDA:343,0,jump to line 345,1
BRDA:349,0,jump to line 350,1
BRDA:349,0,jump to line 351,1
BRDA:363,0,jump to line 364,1
BRDA:363,0,jump to line 379,1
BRDA:370,0,jump to line 371,0
BRDA:370,0,jump to line 376,1
BRDA:379,0,jump to line 380,1
BRDA:379,0,jump to line 394,1
BRDA:388,0,jump to line 379,1
BRDA:388,0,jump to line 389,0
BRDA:399,0,jump to line 400,0
BRDA:399,0,jump to line 404,1
BRDA:404,0,jump to line 405,0
BRDA:404,0,jump to line 414,1
BRDA:416,0,jump to line 417,1
BRDA:416,0,jump to line 426,1
BRDA:417,0,jump to line 418,1
BRDA:417,0,jump to line 421,1
BRDA:418,0,jump to line 419,1
BRDA:418,0,jump to line 420,1
BRDA:421,0,jump to line 422,1
BRDA:421,0,jump to line 426,1
BRDA:422,0,jump to line 423,1
BRDA:422,0,jump to line 424,1
BRDA:451,0,jump to line 452,-
BRDA:451,0,jump to line 453,-
BRDA:453,0,jump to line 454,-
BRDA:453,0,jump to line 456,-
BRDA:457,0,jump to line 458,-
BRDA:457,0,jump to line 469,-
BRDA:458,0,jump to line 459,-
BRDA:458,0,jump to line 461,-
BRDA:463,0,jump to line 464,-
BRDA:463,0,jump to line 467,-
BRDA:469,0,jump to line 470,-
BRDA:469,0,jump to line 477,-
BRDA:470,0,jump to line 471,-
BRDA:470,0,jump to line 477,-
BRDA:474,0,jump to line 470,-
BRDA:474,0,jump to line 475,-
BRDA:477,0,jump to line 478,-
BRDA:477,0,jump to line 483,-
BRDA:480,0,jump to line 481,-
BRDA:480,0,jump to line 483,-
BRDA:507,0,jump to line 508,-
BRDA:507,0,jump to line 509,-
BRDA:509,0,jump to line 510,-
BRDA:509,0,jump to line 512,-
BRDA:515,0,jump to line 516,-
BRDA:515,0,jump to line 527,-
BRDA:516,0,jump to line 517,-
BRDA:516,0,jump to line 519,-
BRDA:527,0,jump to line 528,-
BRDA:527,0,jump to line 537,-
BRDA:528,0,jump to line 529,-
BRDA:528,0,jump to line 537,-
BRDA:533,0,jump to line 528,-
BRDA:533,0,jump to line 534,-
BRDA:537,0,jump to line 538,-
BRDA:537,0,jump to line 546,-
BRDA:542,0,jump to line 543,-
BRDA:542,0,jump to line 546,-
BRDA:647,0,jump to line 648,0
BRDA:647,0,jump to line 650,1
BRDA:651,0,jump to line 652,0
BRDA:651,0,jump to line 653,1
BRDA:653,0,jump to line 654,0
BRDA:653,0,jump to line 655,1
BRDA:655,0,jump to line 656,0
BRDA:655,0,jump to line 657,1
BRDA:657,0,jump to line 658,1
BRDA:657,0,jump to line 660,1
BRDA:660,0,jump to line 661,0
BRDA:660,0,jump to line 665,1
BRDA:667,0,jump to line 669,0
BRDA:667,0,jump to line 690,1
BRDA:683,0,jump to line 684,-
BRDA:683,0,jump to line 687,-
BRDA:691,0,jump to line 692,0
BRDA:691,0,jump to line 693,1
BRDA:693,0,jump to line 694,1
BRDA:693,0,jump to line 701,1
BRDA:694,0,jump to line 695,0
BRDA:694,0,jump to line 697,1
BRDA:699,0,jump to line 693,1
BRDA:699,0,jump to line 700,0
BRDA:701,0,jump to line 702,1
BRDA:701,0,jump to line 703,1
BRDA:795,0,jump to line 796,-
BRDA:795,0,jump to line 798,-
BRDA:800,0,jump to line 801,-
BRDA:800,0,jump to line 802,-
BRDA:802,0,jump to line 803,-
BRDA:802,0,jump to line 805,-
BRDA:807,0,jump to line 808,-
BRDA:807,0,jump to line 810,-
BRDA:810,0,jump to line 811,-
BRDA:810,0,jump to line 813,-
BRDA:815,0,jump to line 816,-
BRDA:815,0,jump to line 957,-
BRDA:821,0,jump to line 823,-
BRDA:821,0,jump to line 878,-
BRDA:823,0,jump to line 824,-
BRDA:823,0,jump to line 955,-
BRDA:824,0,jump to line 823,-
BRDA:824,0,jump to line 825,-
BRDA:828,0,jump to line 824,-
BRDA:828,0,jump to line 829,-
BRDA:837,0,jump to line 838,-
BRDA:837,0,jump to line 842,-
BRDA:842,0,jump to line 843,-
BRDA:842,0,jump to line 847,-
BRDA:855,0,jump to line 856,-
BRDA:855,0,jump to line 863,-
BRDA:863,0,jump to line 864,-
BRDA:863,0,jump to line 874,-
BRDA:878,0,jump to line 879,-
BRDA:878,0,jump to line 955,-
BRDA:891,0,jump to line 892,-
BRDA:891,0,jump to line 896,-
BRDA:896,0,jump to line 897,-
BRDA:896,0,jump to line 901,-
BRDA:904,0,jump to line 905,-
BRDA:904,0,jump to line 907,-
BRDA:912,0,jump to line 913,-
BRDA:912,0,jump to line 917,-
BRDA:917,0,jump to line 918,-
BRDA:917,0,jump to line 922,-
BRDA:925,0,jump to line 926,-
BRDA:925,0,jump to line 928,-
BRDA:928,0,jump to line 929,-
BRDA:928,0,jump to line 936,-
BRDA:936,0,jump to line 937,-
BRDA:936,0,jump to line 947,-
BRDA:964,0,jump to line 965,-
BRDA:964,0,jump to line 967,-
BRDA:976,0,jump to line 977,-
BRDA:976,0,jump to line 1004,-
BRDA:977,0,jump to line 976,-
BRDA:977,0,jump to line 978,-
BRDA:980,0,jump to line 977,-
BRDA:980,0,jump to line 981,-
BRDA:984,0,jump to line 985,-
BRDA:984,0,jump to line 992,-
BRDA:992,0,jump to line 993,-
BRDA:992,0,jump to line 1000,-
BRDA:1005,0,jump to line 1006,-
BRDA:1005,0,jump to line 1016,-
BRDA:1006,0,jump to line 1005,-
BRDA:1006,0,jump to line 1007,-
BRDA:1007,0,jump to line 1008,-
BRDA:1007,0,jump to line 1009,-
BRDA:1009,0,jump to line 1010,-
BRDA:1009,0,jump to line 1011,-
BRDA:1011,0,jump to line 1012,-
BRDA:1011,0,jump to line 1014,-
BRDA:1016,0,jump to line 1017,-
BRDA:1016,0,jump to line 1019,-
BRDA:1137,0,jump to line 1138,0
BRDA:1137,0,jump to line 1140,1
BRDA:1150,0,jump to line 1151,0
BRDA:1150,0,jump to line 1153,1
BRDA:1155,0,jump to line 1156,0
BRDA:1155,0,jump to line 1161,1
BRDA:1165,0,jump to line 1166,1
BRDA:1165,0,jump to line 1178,1
BRDA:1178,0,jump to line 1179,0
BRDA:1178,0,jump to line 1182,1
BRDA:1288,0,jump to line 1289,-
BRDA:1288,0,jump to line 1291,-
BRDA:1293,0,jump to line 1294,-
BRDA:1293,0,jump to line 1297,-
BRDA:1300,0,jump to line 1301,-
BRDA:1300,0,jump to line 1312,-
BRDA:1307,0,jump to line 1308,-
BRDA:1307,0,jump to line 1310,-
BRDA:1326,0,jump to line 1327,-
BRDA:1326,0,jump to line 1330,-
BRDA:1333,0,jump to line 1334,-
BRDA:1333,0,jump to line 1341,-
BRDA:1449,0,jump to line 1450,-
BRDA:1449,0,jump to line 1467,-
BRDA:1450,0,jump to line 1451,-
BRDA:1450,0,jump to line 1452,-
BRDA:1467,0,jump to line 1468,-
BRDA:1467,0,jump to line 1482,-
BRDA:1482,0,jump to line 1483,-
BRDA:1482,0,jump to line 1499,-
BRDA:1484,0,jump to line 1485,-
BRDA:1484,0,jump to line 1499,-
BRDA:1499,0,jump to line 1500,-
BRDA:1499,0,jump to line 1504,-
BRDA:1500,0,jump to line 1501,-
BRDA:1500,0,jump to line 1502,-
BRDA:1590,0,jump to line 1591,-
BRDA:1590,0,jump to line 1601,-
BRDA:1591,0,jump to line 1592,-
BRDA:1591,0,jump to line 1593,-
BRDA:1601,0,jump to line 1602,-
BRDA:1601,0,jump to line 1606,-
BRDA:1602,0,jump to line 1603,-
BRDA:1602,0,jump to line 1604,-
BRDA:1619,0,jump to line 1620,-
BRDA:1619,0,jump to line 1629,-
BRDA:1620,0,jump to line 1621,-
BRDA:1620,0,jump to line 1622,-
BRDA:1629,0,jump to line 1630,-
BRDA:1629,0,jump to line 1635,-
BRDA:1630,0,jump to line 1631,-
BRDA:1630,0,jump to line 1632,-
BRDA:1680,0,jump to line 1681,-
BRDA:1680,0,jump to line 1683,-
BRDA:1695,0,jump to line 1696,-
BRDA:1695,0,jump to line 1706,-
BRDA:1708,0,jump to line 1710,-
BRDA:1708,0,jump to line 1719,-
BRDA:1719,0,jump to line 1720,-
BRDA:1719,0,jump to line 1782,-
BRDA:1720,0,jump to line 1721,-
BRDA:1720,0,jump to line 1725,-
BRDA:1742,0,jump to line 1743,-
BRDA:1742,0,jump to line 1762,-
BRDA:1743,0,jump to line 1744,-
BRDA:1743,0,jump to line 1747,-
BRDA:1747,0,jump to line 1748,-
BRDA:1747,0,jump to line 1751,-
BRDA:1751,0,jump to line 1752,-
BRDA:1751,0,jump to line 1755,-
BRDA:1757,0,jump to line 1742,-
BRDA:1757,0,jump to line 1758,-
BRDA:1762,0,jump to line 1763,-
BRDA:1762,0,jump to line 1782,-
BRDA:1763,0,jump to line 1764,-
BRDA:1763,0,jump to line 1767,-
BRDA:1767,0,jump to line 1768,-
BRDA:1767,0,jump to line 1771,-
BRDA:1771,0,jump to line 1772,-
BRDA:1771,0,jump to line 1776,-
BRDA:1778,0,jump to line 1762,-
BRDA:1778,0,jump to line 1779,-
BRDA:1837,0,jump to line 1838,-
BRDA:1837,0,jump to line 1841,-
BRDA:1852,0,jump to line 1853,-
BRDA:1852,0,jump to line 1862,-
BRDA:1866,0,jump to line 1867,-
BRDA:1866,0,jump to line 1898,-
BRDA:1868,0,jump to line 1869,-
BRDA:1868,0,jump to line 1871,-
BRDA:1880,0,jump to line 1881,-
BRDA:1880,0,jump to line 1896,-
BRDA:1881,0,jump to line 1882,-
BRDA:1881,0,jump to line 1886,-
BRDA:1890,0,jump to line 1880,-
BRDA:1890,0,jump to line 1891,-
BRDA:1891,0,jump to line 1880,-
BRDA:1891,0,jump to line 1892,-
BRDA:1940,0,jump to line 1941,-
BRDA:1940,0,jump to line 1944,-
BRDA:1955,0,jump to line 1956,-
BRDA:1955,0,jump to line 1963,-
BRDA:1967,0,jump to line 1968,-
BRDA:1967,0,jump to line 1999,-
BRDA:1969,0,jump to line 1970,-
BRDA:1969,0,jump to line 1972,-
BRDA:1981,0,jump to line 1982,-
BRDA:1981,0,jump to line 1997,-
BRDA:1982,0,jump to line 1983,-
BRDA:1982,0,jump to line 1987,-
BRDA:1991,0,jump to line 1981,-
BRDA:1991,0,jump to line 1992,-
BRDA:1992,0,jump to line 1981,-
BRDA:1992,0,jump to line 1993,-
BRDA:2013,0,jump to line 2015,1
BRDA:2013,0,jump to line 2135,1
BRDA:2015,0,jump to line 2016,0
BRDA:2015,0,jump to line 2021,1
BRDA:2016,0,jump to line 2017,-
BRDA:2016,0,jump to line 2019,-
BRDA:2028,0,jump to line 2029,1
BRDA:2028,0,jump to line 2036,1
BRDA:2030,0,jump to line 2031,1
BRDA:2030,0,jump to line 2034,1
BRDA:2038,0,jump to line 2040,1
BRDA:2038,0,jump to line 2113,1
BRDA:2045,0,jump to line 2046,1
BRDA:2045,0,jump to line 2051,1
BRDA:2056,0,jump to line 2057,-
BRDA:2056,0,jump to line 2058,-
BRDA:2060,0,jump to line 2061,1
BRDA:2060,0,jump to line 2062,0
BRDA:2062,0,jump to line 2063,-
BRDA:2062,0,jump to line 2068,-
BRDA:2063,0,jump to line 2064,-
BRDA:2063,0,jump to line 2065,-
BRDA:2071,0,jump to line 2072,0
BRDA:2071,0,jump to line 2078,1
BRDA:2078,0,jump to line 2079,0
BRDA:2078,0,jump to line 2084,1
BRDA:2084,0,jump to line 2085,0
BRDA:2084,0,jump to line 2097,1
BRDA:2088,0,jump to line 2089,-
BRDA:2088,0,jump to line 2093,-
BRDA:2100,0,jump to line 2038,1
BRDA:2100,0,jump to line 2101,0
BRDA:2102,0,jump to line 2103,-
BRDA:2102,0,jump to line 2105,-
BRDA:2106,0,jump to line 2107,-
BRDA:2106,0,jump to line 2111,-
BRDA:2121,0,jump to line 2123,1
BRDA:2121,0,jump to line 2133,0
BRDA:2123,0,jump to line 2124,1
BRDA:2123,0,jump to line 2127,1
BRDA:2127,0,jump to line 2128,0
BRDA:2127,0,jump to line 2129,1
BRDA:2133,0,jump to line 2013,-
BRDA:2133,0,jump to line 2134,-
BRDA:2135,0,jump to line 2136,1
BRDA:2135,0,return from function '_divide_data_into_conditions',0
BRDA:2143,0,jump to line 2144,1
BRDA:2143,0,jump to line 2149,1
BRDA:2146,0,jump to line 2143,1
BRDA:2146,0,jump to line 2147,1
BRDA:2155,0,jump to line 2156,1
BRDA:2155,0,jump to line 2160,1
BRDA:2158,0,jump to line 2155,1
BRDA:2158,0,jump to line 2159,1
BRDA:2163,0,jump to line 2164,1
BRDA:2163,0,jump to line 2177,1
BRDA:2167,0,jump to line 2168,1
BRDA:2167,0,jump to line 2172,0
BRDA:2172,0,jump to line 2173,-
BRDA:2172,0,jump to line 2174,-
BRDA:2174,0,jump to line 2175,-
BRDA:2174,0,jump to line 2188,-
BRDA:2179,0,jump to line 2180,1
BRDA:2179,0,jump to line 2185,1
BRDA:2181,0,jump to line 2182,1
BRDA:2181,0,jump to line 2184,0
BRDA:2185,0,jump to line 2186,0
BRDA:2185,0,jump to line 2188,1
BRDA:2194,0,jump to line 2195,1
BRDA:2194,0,jump to line 2200,1
BRDA:2195,0,jump to line 2194,1
BRDA:2195,0,jump to line 2196,1
BRDA:2196,0,jump to line 2195,0
BRDA:2196,0,jump to line 2197,1
BRDA:2197,0,jump to line 2195,0
BRDA:2197,0,jump to line 2198,1
BRDA:2203,0,jump to line 2204,1
BRDA:2203,0,jump to line 2209,0
BRDA:2204,0,jump to line 2205,1
BRDA:2204,0,jump to line 2209,1
BRDA:2207,0,jump to line 2204,1
BRDA:2207,0,jump to line 2208,1
BRDA:2213,0,jump to line 2214,-
BRDA:2213,0,jump to line 2216,-
BRDA:2222,0,jump to line 2223,1
BRDA:2222,0,return from function '_generate_semantic_vectors',1
BRDA:2224,0,jump to line 2225,1
BRDA:2224,0,jump to line 2227,1
BRDA:2236,0,jump to line 2237,-
BRDA:2236,0,return from function '_zscore_activity',-
BRDA:2238,0,jump to line 2236,-
BRDA:2238,0,jump to line 2239,-
BRDA:2242,0,jump to line 2238,-
BRDA:2242,0,jump to line 2243,-
BRDA:2243,0,jump to line 2238,-
BRDA:2243,0,jump to line 2244,-
BRDA:2247,0,jump to line 2248,-
BRDA:2247,0,return from function '_print',-
BRDA:2253,0,jump to line 2254,-
BRDA:2253,0,jump to line 2256,-
BRDA:2274,0,jump to line 2275,1
BRDA:2274,0,jump to line 2325,1
BRDA:2278,0,jump to line 2279,1
BRDA:2278,0,jump to line 2349,1
BRDA:2279,0,jump to line 2278,1
BRDA:2279,0,jump to line 2280,1
BRDA:2282,0,jump to line 2279,1
BRDA:2282,0,jump to line 2283,1
BRDA:2283,0,jump to line 2279,1
BRDA:2283,0,jump to line 2285,1
BRDA:2301,0,jump to line 2302,1
BRDA:2301,0,jump to line 2305,1
BRDA:2305,0,jump to line 2306,1
BRDA:2305,0,jump to line 2309,1
BRDA:2325,0,jump to line 2327,1
BRDA:2325,0,jump to line 2349,1
BRDA:2327,0,jump to line 2325,1
BRDA:2327,0,jump to line 2328,1
BRDA:2338,0,jump to line 2327,1
BRDA:2338,0,jump to line 2339,1
BRDA:2342,0,jump to line 2343,1
BRDA:2342,0,jump to line 2345,1
BRDA:2349,0,jump to line 2350,0
BRDA:2349,0,return from function '_shuffle_conditioned_arrays',1
BRDA:2357,0,jump to line 2360,-
BRDA:2357,0,return from function '_rototraslate_conditioned_rasters',-
BRDA:2360,0,jump to line 2357,-
BRDA:2360,0,jump to line 2361,-
BRDA:2374,0,jump to line 2375,1
BRDA:2374,0,return from function '_order_conditioned_rasters',1
BRDA:2379,0,jump to line 2380,0
BRDA:2379,0,jump to line 2381,1
BRDA:2381,0,jump to line 2382,1
BRDA:2381,0,jump to line 2388,1
BRDA:2382,0,jump to line 2381,1
BRDA:2382,0,jump to line 2383,1
BRDA:2383,0,jump to line 2384,0
BRDA:2383,0,jump to line 2386,1
BRDA:2386,0,jump to line 2382,1
BRDA:2386,0,jump to line 2387,0
BRDA:2447,0,jump to line 2449,-
BRDA:2447,0,jump to line 2460,-
BRDA:2462,0,jump to line 2463,-
BRDA:2462,0,jump to line 2464,-
BRDA:2472,0,jump to line 2473,-
BRDA:2472,0,jump to line 2475,-
BRDA:2480,0,jump to line 2481,-
BRDA:2480,0,jump to line 2485,-
BRDA:2481,0,jump to line 2480,-
BRDA:2481,0,jump to line 2484,-
BRDA:2489,0,jump to line 2490,-
BRDA:2489,0,return from function 'balance_decodandas',-
BRDA:2490,0,jump to line 2489,-
BRDA:2490,0,jump to line 2491,-
BRDA:2501,0,jump to line 2502,-
BRDA:2501,0,jump to line 2530,-
BRDA:2502,0,jump to line 2501,-
BRDA:2502,0,jump to line 2503,-
BRDA:2507,0,jump to line 2508,-
BRDA:2507,0,jump to line 2516,-
BRDA:2508,0,jump to line 2509,-
BRDA:2508,0,jump to line 2510,-
BRDA:2510,0,jump to line 2511,-
BRDA:2510,0,jump to line 2512,-
BRDA:2516,0,jump to line 2517,-
BRDA:2516,0,jump to line 2525,-
BRDA:2517,0,jump to line 2518,-
BRDA:2517,0,jump to line 2519,-
BRDA:2519,0,jump to line 2520,-
BRDA:2519,0,jump to line 2521,-
BRDA:2525,0,jump to line 2502,-
BRDA:2525,0,jump to line 2526,-
BRDA:2530,0,jump to line 2531,-
BRDA:2530,0,jump to line 2536,-
BRDA:2540,0,jump to line 2541,-
BRDA:2540,0,jump to line 2542,-
BRDA:2542,0,jump to line 2543,-
BRDA:2542,0,jump to line 2544,-
BRDA:2544,0,jump to line 2545,-
BRDA:2544,0,jump to line 2547,-
BRDA:2559,0,jump to line 2560,1
BRDA:2559,0,jump to line 2564,1
BRDA:2583,0,jump to line 2584,-
BRDA:2583,0,jump to line 2592,-
BRDA:2584,0,jump to line 2585,-
BRDA:2584,0,jump to line 2587,-
BRDA:2587,0,jump to line 2588,-
BRDA:2587,0,jump to line 2592,-
BRDA:2593,0,jump to line 2594,-
BRDA:2593,0,jump to line 2601,-
BRDA:2594,0,jump to line 2595,-
BRDA:2594,0,jump to line 2596,-
BRF:490
BRH:143
end_of_record
SF:decodanda\imports.py
DA:2,1
DA:3,1
DA:4,1
DA:5,1
DA:6,1
DA:8,1
DA:11,1
DA:13,1
DA:15,1
DA:16,1
DA:17,1
DA:19,1
DA:20,1
DA:21,1
DA:22,1
DA:23,1
DA:25,1
DA:26,1
DA:27,1
DA:29,1
DA:30,1
DA:31,1
DA:32,1
DA:33,1
DA:35,1
DA:36,1
DA:37,1
DA:38,1
DA:39,1
DA:40,1
DA:41,1
DA:42,1
LF:32
LH:32
end_of_record
SF:decodanda\in_time.py
DA:1,1
DA:2,1
DA:3,1
DA:4,1
DA:7,1
DA:19,0
DA:20,0
DA:22,0
DA:23,0
DA:25,0
DA:26,0
DA:27,0
DA:28,0
DA:29,0
DA:30,0
DA:31,0
DA:32,0
DA:33,0
DA:38,0
DA:40,0
DA:41,0
DA:42,0
DA:44,0
DA:46,0
DA:47,0
DA:48,0
DA:50,0
DA:51,0
DA:52,0
DA:53,0
DA:55,0
DA:56,0
DA:57,0
DA:58,0
DA:59,0
DA:61,0
DA:63,0
DA:64,0
DA:65,0
DA:66,0
DA:67,0
DA:68,0
DA:69,0
DA:70,0
DA:71,0
DA:72,0
DA:73,0
DA:74,0
DA:75,0
DA:76,0
DA:77,0
DA:78,0
DA:79,0
DA:80,0
DA:81,0
DA:84,0
DA:87,1
DA:99,0
DA:100,0
DA:102,0
DA:103,0
DA:105,0
DA:106,0
DA:107,0
DA:108,0
DA:109,0
DA:110,0
DA:112,0
DA:113,0
DA:118,0
DA:120,0
DA:121,0
DA:122,0
DA:124,0
DA:126,0
DA:127,0
DA:128,0
DA:130,0
DA:131,0
DA:132,0
DA:134,0
DA:135,0
DA:136,0
DA:137,0
DA:139,0
DA:141,0
DA:142,0
DA:143,0
DA:144,0
DA:145,0
DA:146,0
DA:147,0
DA:148,0
DA:149,0
DA:150,0
DA:151,0
DA:152,0
DA:153,0
DA:154,0
DA:155,0
DA:156,0
DA:157,0
DA:158,0
DA:159,0
DA:162,0
DA:166,1
DA:169,0
DA:170,0
DA:171,0
DA:173,0
DA:174,0
DA:175,0
DA:176,0
DA:179,0
DA:180,0
DA:183,0
DA:184,0
DA:188,1
DA:191,0
DA:192,0
DA:193,0
DA:195,0
DA:196,0
DA:197,0
DA:198,0
DA:201,0
DA:202,0
LF:127
LH:8
FN:7,84,decode_in_time
FNDA:0,decode_in_time
FN:87,162,CCGP_in_time
FNDA:0,CCGP_in_time
FN:166,184,decoding_at_time
FNDA:0,decoding_at_time
FN:188,202,CCGP_at_time
FNDA:0,CCGP_at_time
FNF:4
FNH:0
BRDA:19,0,jump to line 20,-
BRDA:19,0,jump to line 22,-
BRDA:22,0,jump to line 23,-
BRDA:22,0,jump to line 38,-
BRDA:28,0,jump to line 29,-
BRDA:28,0,jump to line 32,-
BRDA:29,0,jump to line 28,-
BRDA:29,0,jump to line 30,-
BRDA:30,0,jump to line 28,-
BRDA:30,0,jump to line 31,-
BRDA:32,0,jump to line 22,-
BRDA:32,0,jump to line 33,-
BRDA:40,0,jump to line 41,-
BRDA:40,0,jump to line 46,-
BRDA:50,0,jump to line 51,-
BRDA:50,0,jump to line 63,-
BRDA:51,0,jump to line 52,-
BRDA:51,0,jump to line 53,-
BRDA:55,0,jump to line 50,-
BRDA:55,0,jump to line 56,-
BRDA:58,0,jump to line 59,-
BRDA:58,0,jump to line 61,-
BRDA:63,0,jump to line 64,-
BRDA:63,0,jump to line 84,-
BRDA:68,0,jump to line 69,-
BRDA:68,0,jump to line 70,-
BRDA:70,0,jump to line 71,-
BRDA:70,0,jump to line 84,-
BRDA:79,0,jump to line 70,-
BRDA:79,0,jump to line 80,-
BRDA:80,0,jump to line 79,-
BRDA:80,0,jump to line 81,-
BRDA:99,0,jump to line 100,-
BRDA:99,0,jump to line 102,-
BRDA:102,0,jump to line 103,-
BRDA:102,0,jump to line 118,-
BRDA:108,0,jump to line 109,-
BRDA:108,0,jump to line 113,-
BRDA:109,0,jump to line 108,-
BRDA:109,0,jump to line 110,-
BRDA:110,0,jump to line 108,-
BRDA:110,0,jump to line 112,-
BRDA:120,0,jump to line 121,-
BRDA:120,0,jump to line 126,-
BRDA:130,0,jump to line 131,-
BRDA:130,0,jump to line 141,-
BRDA:134,0,jump to line 130,-
BRDA:134,0,jump to line 135,-
BRDA:141,0,jump to line 142,-
BRDA:141,0,jump to line 162,-
BRDA:146,0,jump to line 147,-
BRDA:146,0,jump to line 148,-
BRDA:148,0,jump to line 149,-
BRDA:148,0,jump to line 162,-
BRDA:157,0,jump to line 148,-
BRDA:157,0,jump to line 158,-
BRDA:158,0,jump to line 157,-
BRDA:158,0,jump to line 159,-
BRDA:169,0,jump to line 170,-
BRDA:169,0,jump to line 171,-
BRDA:173,0,jump to line 174,-
BRDA:173,0,jump to line 179,-
BRDA:175,0,jump to line 173,-
BRDA:175,0,jump to line 176,-
BRDA:179,0,jump to line 180,-
BRDA:179,0,jump to line 183,-
BRDA:191,0,jump to line 192,-
BRDA:191,0,jump to line 193,-
BRDA:195,0,jump to line 196,-
BRDA:195,0,jump to line 201,-
BRDA:197,0,jump to line 195,-
BRDA:197,0,jump to line 198,-
BRF:72
BRH:0
end_of_record
SF:decodanda\utilities.py
DA:1,1
DA:2,1
DA:4,1
DA:8,1
DA:11,1
DA:15,0
DA:16,0
DA:17,0
DA:18,0
DA:19,0
DA:20,0
DA:21,0
DA:22,0
DA:23,0
DA:24,0
DA:26,1
DA:27,0
DA:28,0
DA:29,0
DA:30,0
DA:32,1
DA:34,0
DA:35,0
DA:37,0
DA:38,0
DA:40,0
DA:42,0
DA:43,0
DA:45,1
DA:47,0
DA:48,0
DA:50,0
DA:51,0
DA:53,0
DA:54,0
DA:55,0
DA:57,1
DA:59,0
DA:60,0
DA:62,0
DA:63,0
DA:64,0
DA:65,0
DA:66,0
DA:68,0
DA:69,0
DA:70,0
DA:71,0
DA:72,0
DA:74,0
DA:75,0
DA:76,0
DA:77,0
DA:80,0
DA:81,0
DA:82,0
DA:84,0
DA:85,0
DA:91,0
DA:92,0
DA:94,0
DA:95,0
DA:100,0
DA:101,0
DA:103,0
DA:104,0
DA:105,0
DA:106,0
DA:108,0
DA:109,0
DA:110,0
DA:111,0
DA:112,0
DA:113,0
DA:114,0
DA:115,0
DA:116,0
DA:118,0
DA:120,0
DA:121,0
DA:122,0
DA:123,0
DA:124,0
DA:127,1
DA:133,1
DA:134,1
DA:135,1
DA:137,1
DA:138,0
DA:141,1
DA:142,1
DA:144,0
DA:145,0
DA:146,0
DA:147,0
DA:148,0
DA:149,0
DA:150,0
DA:151,0
DA:152,0
DA:153,0
DA:154,0
DA:155,0
DA:158,0
DA:159,0
DA:160,0
DA:161,0
DA:164,0
DA:165,0
DA:166,0
DA:167,0
DA:170,0
DA:171,0
DA:172,0
DA:173,0
DA:176,0
DA:177,0
DA:178,0
DA:180,0
DA:181,0
DA:183,0
DA:184,0
DA:185,0
DA:186,0
DA:187,0
DA:188,0
DA:189,0
DA:191,0
DA:192,0
DA:193,0
DA:194,0
DA:195,0
DA:196,0
DA:198,0
DA:199,0
DA:200,0
DA:201,0
DA:202,0
DA:203,0
DA:204,0
DA:206,0
DA:207,0
DA:208,0
DA:209,0
DA:210,0
DA:211,0
DA:213,0
DA:214,0
DA:215,0
DA:216,0
DA:217,0
DA:218,0
DA:219,0
DA:221,0
DA:222,0
DA:223,0
DA:224,0
DA:225,0
DA:226,0
DA:228,0
DA:231,0
DA:232,0
DA:233,0
DA:234,0
DA:237,0
DA:238,0
DA:241,0
DA:242,0
DA:243,0
DA:246,0
DA:247,0
DA:248,0
DA:249,0
DA:250,0
DA:252,0
DA:253,0
DA:254,0
DA:258,0
DA:261,1
DA:262,1
DA:263,0
DA:264,0
DA:266,1
DA:267,0
DA:268,0
DA:269,0
DA:270,0
DA:271,0
DA:273,1
DA:274,0
DA:275,0
DA:276,0
DA:278,1
DA:279,0
DA:280,0
DA:282,1
DA:283,0
DA:284,0
DA:286,1
DA:287,0
DA:288,0
DA:294,1
DA:295,0
DA:296,0
DA:297,0
DA:298,0
DA:299,0
DA:300,0
DA:301,0
DA:302,0
DA:303,0
DA:304,0
DA:307,1
DA:309,1
DA:310,1
DA:312,1
DA:313,1
DA:314,1
DA:320,1
DA:321,1
DA:332,1
DA:333,0
DA:338,1
DA:339,1
DA:340,1
DA:342,0
DA:343,0
DA:344,1
DA:345,1
DA:347,1
DA:348,1
DA:350,1
DA:353,1
DA:354,1
DA:355,0
DA:356,1
DA:357,0
DA:359,1
DA:360,1
DA:361,1
DA:362,1
DA:363,1
DA:364,1
DA:366,0
DA:368,1
DA:369,1
DA:372,0
DA:374,1
DA:375,0
DA:376,0
DA:377,1
DA:378,1
DA:379,1
DA:382,1
DA:383,0
DA:384,0
DA:385,0
DA:386,0
DA:389,0
DA:390,0
DA:391,0
DA:394,0
DA:396,0
DA:397,0
DA:400,1
DA:401,0
DA:402,0
DA:403,0
DA:404,0
DA:407,0
DA:408,0
DA:410,0
DA:411,0
DA:413,0
DA:414,0
DA:416,0
DA:417,0
DA:420,0
DA:421,0
DA:422,0
DA:423,0
DA:424,0
DA:425,0
DA:426,0
DA:427,0
DA:428,0
DA:429,0
DA:430,0
DA:431,0
DA:433,0
DA:434,0
DA:436,0
DA:437,0
DA:440,1
DA:441,0
DA:442,0
DA:443,0
DA:444,0
DA:445,0
DA:446,0
DA:447,0
DA:452,1
DA:453,0
DA:454,0
DA:457,1
DA:458,1
DA:459,1
DA:460,1
DA:461,1
DA:462,1
DA:463,1
DA:464,1
DA:465,1
DA:467,0
DA:468,0
DA:469,0
DA:470,1
DA:473,1
DA:474,1
DA:475,1
DA:476,1
DA:479,1
DA:480,1
DA:481,1
DA:482,1
DA:483,1
DA:484,1
DA:485,1
DA:486,1
DA:487,1
DA:488,1
DA:489,1
DA:490,1
DA:491,1
DA:492,1
DA:495,1
DA:496,0
DA:497,0
DA:498,0
DA:503,1
DA:504,0
DA:505,0
DA:508,1
DA:509,1
DA:510,0
DA:512,1
DA:515,1
DA:516,0
DA:519,1
DA:520,0
DA:521,0
DA:522,0
DA:523,0
DA:525,0
DA:526,0
DA:528,0
DA:530,0
DA:535,0
DA:536,0
DA:539,1
DA:540,0
DA:541,0
DA:542,0
DA:543,0
DA:544,0
DA:546,0
DA:548,0
DA:553,0
DA:559,1
DA:560,1
DA:561,1
DA:562,1
DA:563,1
DA:564,1
DA:565,1
DA:568,1
DA:569,0
DA:570,0
DA:571,0
DA:572,0
DA:573,0
DA:574,0
DA:575,0
DA:576,0
DA:579,1
DA:580,0
DA:581,0
DA:582,0
DA:583,0
DA:584,0
DA:585,0
DA:586,0
DA:587,0
DA:588,0
DA:589,0
DA:592,1
DA:593,0
DA:594,0
DA:600,1
DA:601,0
DA:604,1
DA:605,0
DA:606,0
DA:607,0
DA:608,0
DA:609,0
DA:610,0
DA:611,0
DA:612,0
DA:615,1
DA:616,0
DA:617,0
DA:618,0
DA:619,0
DA:620,0
DA:621,0
DA:622,0
DA:623,0
DA:626,1
DA:627,0
DA:630,1
DA:631,0
DA:634,0
DA:635,0
DA:636,0
DA:638,0
DA:639,0
DA:640,0
DA:642,0
DA:643,0
DA:645,0
DA:646,0
DA:647,0
DA:648,0
DA:650,0
DA:653,1
DA:654,0
DA:655,0
DA:657,0
DA:658,0
DA:659,0
DA:660,0
DA:661,0
DA:664,1
DA:672,0
DA:673,0
DA:674,0
DA:675,0
DA:676,0
DA:677,0
DA:678,0
DA:679,0
DA:680,0
DA:683,0
DA:684,0
DA:685,0
DA:686,0
DA:689,1
DA:690,0
DA:693,1
DA:694,0
DA:695,0
DA:696,0
DA:697,0
DA:698,0
DA:700,0
DA:701,0
DA:702,0
DA:703,0
DA:704,0
DA:705,0
DA:706,0
DA:711,0
DA:712,0
DA:718,1
DA:720,0
DA:721,0
DA:722,0
DA:725,1
DA:726,0
DA:727,0
DA:728,0
DA:729,0
DA:730,0
DA:731,0
DA:732,0
DA:733,0
DA:734,0
DA:736,0
DA:737,0
DA:738,0
DA:739,0
DA:742,1
DA:744,0
DA:745,0
DA:746,0
DA:747,0
DA:749,0
DA:750,0
DA:751,0
DA:752,0
DA:753,0
DA:754,0
DA:755,0
DA:756,0
DA:757,0
DA:760,0
DA:761,0
DA:762,0
DA:763,0
DA:764,0
DA:765,0
DA:766,0
DA:767,0
DA:768,0
DA:769,0
DA:770,0
DA:771,0
DA:772,0
DA:773,0
DA:775,0
DA:777,0
DA:778,0
DA:779,0
DA:784,1
DA:785,0
DA:786,0
DA:788,0
DA:789,0
DA:790,0
DA:791,0
DA:792,0
DA:793,0
DA:795,0
DA:797,0
DA:800,0
DA:801,0
DA:802,0
DA:804,0
DA:805,0
DA:806,0
DA:807,0
DA:808,0
DA:810,0
DA:811,0
DA:812,0
DA:814,0
DA:816,0
DA:817,0
DA:819,0
DA:820,0
DA:825,1
DA:826,0
DA:827,0
DA:828,0
DA:829,0
DA:835,1
DA:836,0
DA:837,0
DA:838,0
DA:839,0
DA:840,0
DA:843,1
DA:844,0
DA:845,0
DA:846,0
DA:847,0
DA:848,0
DA:849,0
DA:851,0
DA:852,0
DA:853,0
DA:854,0
DA:856,0
DA:857,0
DA:858,0
DA:859,0
DA:860,0
DA:862,0
DA:863,0
DA:864,0
DA:865,0
DA:866,0
DA:869,0
DA:872,1
DA:874,0
DA:875,0
DA:876,0
DA:877,0
DA:878,0
DA:879,0
DA:880,0
DA:881,0
DA:882,0
DA:883,0
DA:884,0
DA:885,0
DA:887,0
DA:888,0
DA:889,0
DA:890,0
DA:891,0
DA:892,0
DA:893,0
DA:894,0
DA:896,0
DA:897,0
DA:898,0
DA:899,0
DA:900,0
DA:902,0
DA:903,0
DA:905,0
DA:907,0
DA:908,0
DA:909,0
DA:910,0
DA:913,0
DA:914,0
DA:916,0
DA:922,1
DA:925,1
DA:928,1
DA:929,1
DA:930,1
DA:932,1
DA:933,1
DA:934,1
DA:936,1
DA:939,1
DA:940,1
DA:943,1
DA:944,1
DA:945,1
DA:946,1
DA:949,1
DA:950,1
DA:951,1
DA:952,1
DA:953,1
DA:954,1
DA:955,1
DA:956,1
DA:958,1
DA:959,1
DA:960,1
DA:961,0
DA:962,1
DA:963,1
DA:964,1
DA:965,1
DA:967,1
DA:969,1
DA:970,1
DA:971,1
DA:972,1
DA:974,1
DA:977,1
DA:979,0
DA:980,0
DA:981,0
DA:982,0
DA:983,0
DA:984,0
DA:985,0
DA:986,0
DA:988,0
DA:989,0
DA:990,0
DA:991,0
DA:992,0
DA:993,0
DA:995,0
DA:996,0
DA:997,0
DA:1002,0
DA:1003,0
DA:1004,0
DA:1006,0
DA:1007,0
DA:1008,0
DA:1009,0
DA:1012,1
DA:1013,0
DA:1014,0
DA:1015,0
DA:1016,0
DA:1024,0
DA:1025,0
DA:1026,0
DA:1027,0
DA:1028,0
DA:1029,0
DA:1030,0
DA:1031,0
DA:1032,0
DA:1033,0
DA:1034,0
DA:1035,0
DA:1037,0
DA:1038,0
DA:1039,0
DA:1040,0
DA:1043,0
DA:1044,0
DA:1045,0
DA:1046,0
DA:1047,0
DA:1048,0
DA:1049,0
DA:1050,0
DA:1051,0
DA:1052,0
DA:1053,0
DA:1054,0
DA:1056,0
DA:1057,0
DA:1058,0
DA:1059,0
DA:1061,0
DA:1062,0
DA:1063,0
DA:1064,0
DA:1066,0
LF:724
LH:161
FN:11,24,CrossValidator.__init__
FNDA:0,CrossValidator.__init__
FN:26,30,CrossValidator.__call__
FNDA:0,CrossValidator.__call__
FN:32,43,CrossValidator.train
FNDA:0,CrossValidator.train
FN:45,55,CrossValidator.test
FNDA:0,CrossValidator.test
FN:57,124,CrossValidator.one_cv_step
FNDA:0,CrossValidator.one_cv_step
FN:133,135,DictSession.__init__
FNDA:1,DictSession.__init__
FN:137,138,DictSession.__getitem__
FNDA:0,DictSession.__getitem__
FN:142,258,FakeSession.__init__
FNDA:0,FakeSession.__init__
FN:262,264,Logger.__init__
FNDA:0,Logger.__init__
FN:266,271,Logger.initialize
FNDA:0,Logger.initialize
FN:273,276,Logger.log
FNDA:0,Logger.log
FN:278,280,Logger.log_stats_nullmodel
FNDA:0,Logger.log_stats_nullmodel
FN:282,284,Logger.log_stats_ttest_1s
FNDA:0,Logger.log_stats_ttest_1s
FN:286,288,Logger.log_stats
FNDA:0,Logger.log_stats
FN:294,304,sample_from_rasters
FNDA:0,sample_from_rasters
FN:307,350,sample_training_testing_from_rasters
FNDA:1,sample_training_testing_from_rasters
FN:353,379,training_test_block_masks
FNDA:1,training_test_block_masks
FN:382,397,chunk_shuffle_index
FNDA:0,chunk_shuffle_index
FN:400,437,contiguous_chunking
FNDA:0,contiguous_chunking
FN:440,447,non_contiguous_mask
FNDA:0,non_contiguous_mask
FN:452,454,delete_silent_bins
FNDA:0,delete_silent_bins
FN:457,470,string_bool
FNDA:1,string_bool
FN:473,476,generate_binary_words
FNDA:1,generate_binary_words
FN:479,492,generate_dichotomies
FNDA:1,generate_dichotomies
FN:495,498,semantic_score
FNDA:0,semantic_score
FN:503,505,hamming_distance
FNDA:0,hamming_distance
FN:508,512,hamming
FNDA:1,hamming
FN:515,516,cosine
FNDA:0,cosine
FN:519,536,distance_from_plane
FNDA:0,distance_from_plane
FN:520,523,distance_from_plane.distance
FNDA:0,distance_from_plane.distance
FN:539,553,interplanar_distance
FNDA:0,interplanar_distance
FN:559,565,z_pval
FNDA:1,z_pval
FN:568,576,p_to_ast
FNDA:0,p_to_ast
FN:579,589,p_to_text
FNDA:0,p_to_text
FN:592,594,count_pval
FNDA:0,count_pval
FN:600,601,metric_dissimilarity
FNDA:0,metric_dissimilarity
FN:604,612,corr_dissimilarity
FNDA:0,corr_dissimilarity
FN:615,623,cosyne_dissimilarity
FNDA:0,cosyne_dissimilarity
FN:626,627,cossim
FNDA:0,cossim
FN:630,650,mahalanobis_dissimilarity
FNDA:0,mahalanobis_dissimilarity
FN:653,661,block_diagonal
FNDA:0,block_diagonal
FN:664,686,equalize_ax
FNDA:0,equalize_ax
FN:689,690,compute_dic_key
FNDA:0,compute_dic_key
FN:693,715,log_dichotomy
FNDA:0,log_dichotomy
FN:718,722,destroy_time_correlations
FNDA:0,destroy_time_correlations
FN:725,739,visualize_raster
FNDA:0,visualize_raster
FN:742,779,visualize_data_vs_null
FNDA:0,visualize_data_vs_null
FN:749,757,visualize_data_vs_null.p_to_ast
FNDA:0,visualize_data_vs_null.p_to_ast
FN:784,820,histogram_comparison
FNDA:0,histogram_comparison
FN:825,832,draw_pair_plot
FNDA:0,draw_pair_plot
FN:835,840,print_stats
FNDA:0,print_stats
FN:843,869,annotate_ttest_p
FNDA:0,annotate_ttest_p
FN:872,916,box_comparison_two
FNDA:0,box_comparison_two
FN:922,974,generate_synthetic_data
FNDA:1,generate_synthetic_data
FN:977,1009,visualize_synthetic_data
FNDA:0,visualize_synthetic_data
FN:1012,1066,generate_synthetic_data_intime
FNDA:0,generate_synthetic_data_intime
FNF:56
FNH:9
BRDA:59,0,jump to line 60,-
BRDA:59,0,jump to line 62,-
BRDA:64,0,jump to line 65,-
BRDA:64,0,jump to line 66,-
BRDA:70,0,jump to line 71,-
BRDA:70,0,jump to line 72,-
BRDA:84,0,jump to line 85,-
BRDA:84,0,jump to line 94,-
BRDA:94,0,jump to line 95,-
BRDA:94,0,jump to line 103,-
BRDA:108,0,jump to line 109,-
BRDA:108,0,jump to line 118,-
BRDA:122,0,jump to line 123,-
BRDA:122,0,jump to line 124,-
BRDA:134,0,jump to line 135,1
BRDA:134,0,return from function '__init__',1
BRDA:180,0,jump to line 181,-
BRDA:180,0,jump to line 231,-
BRDA:183,0,jump to line 184,-
BRDA:183,0,jump to line 191,-
BRDA:184,0,jump to line 185,-
BRDA:184,0,jump to line 187,-
BRDA:187,0,jump to line 188,-
BRDA:187,0,jump to line 198,-
BRDA:191,0,jump to line 192,-
BRDA:191,0,jump to line 194,-
BRDA:194,0,jump to line 195,-
BRDA:194,0,jump to line 198,-
BRDA:198,0,jump to line 199,-
BRDA:198,0,jump to line 206,-
BRDA:199,0,jump to line 200,-
BRDA:199,0,jump to line 202,-
BRDA:202,0,jump to line 203,-
BRDA:202,0,jump to line 213,-
BRDA:206,0,jump to line 207,-
BRDA:206,0,jump to line 209,-
BRDA:209,0,jump to line 210,-
BRDA:209,0,jump to line 213,-
BRDA:213,0,jump to line 214,-
BRDA:213,0,jump to line 221,-
BRDA:214,0,jump to line 215,-
BRDA:214,0,jump to line 217,-
BRDA:217,0,jump to line 218,-
BRDA:217,0,jump to line 228,-
BRDA:221,0,jump to line 222,-
BRDA:221,0,jump to line 224,-
BRDA:224,0,jump to line 225,-
BRDA:224,0,jump to line 228,-
BRDA:231,0,jump to line 232,-
BRDA:231,0,jump to line 237,-
BRDA:233,0,jump to line 234,-
BRDA:233,0,jump to line 237,-
BRDA:246,0,jump to line 247,-
BRDA:246,0,return from function '__init__',-
BRDA:247,0,jump to line 248,-
BRDA:247,0,return from function '__init__',-
BRDA:248,0,jump to line 247,-
BRDA:248,0,jump to line 249,-
BRDA:249,0,jump to line 248,-
BRDA:249,0,jump to line 250,-
BRDA:267,0,jump to line 268,-
BRDA:267,0,jump to line 269,-
BRDA:296,0,jump to line 297,-
BRDA:296,0,jump to line 301,-
BRDA:297,0,jump to line 298,-
BRDA:297,0,jump to line 301,-
BRDA:301,0,jump to line 302,-
BRDA:301,0,jump to line 304,-
BRDA:312,0,jump to line 313,1
BRDA:312,0,jump to line 347,0
BRDA:313,0,jump to line 314,1
BRDA:313,0,jump to line 347,1
BRDA:332,0,jump to line 333,0
BRDA:332,0,jump to line 338,1
BRDA:338,0,jump to line 339,1
BRDA:338,0,jump to line 342,0
BRDA:354,0,jump to line 355,0
BRDA:354,0,jump to line 356,1
BRDA:356,0,jump to line 357,0
BRDA:356,0,jump to line 359,1
BRDA:361,0,jump to line 362,1
BRDA:361,0,jump to line 377,0
BRDA:362,0,jump to line 363,1
BRDA:362,0,jump to line 368,1
BRDA:363,0,jump to line 364,1
BRDA:363,0,jump to line 366,0
BRDA:368,0,jump to line 369,1
BRDA:368,0,jump to line 372,0
BRDA:374,0,jump to line 375,0
BRDA:374,0,jump to line 377,1
BRDA:401,0,jump to line 402,-
BRDA:401,0,jump to line 436,-
BRDA:407,0,jump to line 408,-
BRDA:407,0,jump to line 410,-
BRDA:410,0,jump to line 411,-
BRDA:410,0,jump to line 413,-
BRDA:413,0,jump to line 414,-
BRDA:413,0,jump to line 416,-
BRDA:416,0,jump to line 417,-
BRDA:416,0,jump to line 420,-
BRDA:420,0,jump to line 421,-
BRDA:420,0,jump to line 433,-
BRDA:423,0,jump to line 424,-
BRDA:423,0,jump to line 429,-
BRDA:425,0,jump to line 423,-
BRDA:425,0,jump to line 426,-
BRDA:426,0,jump to line 423,-
BRDA:426,0,jump to line 427,-
BRDA:429,0,jump to line 430,-
BRDA:429,0,jump to line 433,-
BRDA:433,0,jump to line 434,-
BRDA:433,0,jump to line 437,-
BRDA:442,0,jump to line 443,-
BRDA:442,0,jump to line 447,-
BRDA:444,0,jump to line 442,-
BRDA:444,0,jump to line 445,-
BRDA:445,0,jump to line 444,-
BRDA:445,0,jump to line 446,-
BRDA:458,0,jump to line 459,1
BRDA:458,0,jump to line 462,1
BRDA:460,0,jump to line 461,1
BRDA:460,0,jump to line 470,1
BRDA:462,0,jump to line 463,1
BRDA:462,0,jump to line 467,0
BRDA:464,0,jump to line 465,1
BRDA:464,0,jump to line 470,1
BRDA:484,0,jump to line 485,1
BRDA:484,0,jump to line 492,1
BRDA:487,0,jump to line 484,1
BRDA:487,0,jump to line 488,1
BRDA:509,0,jump to line 510,0
BRDA:509,0,jump to line 512,1
BRDA:541,0,jump to line 542,-
BRDA:541,0,jump to line 546,-
BRDA:542,0,jump to line 541,-
BRDA:542,0,jump to line 543,-
BRDA:569,0,jump to line 570,-
BRDA:569,0,jump to line 571,-
BRDA:571,0,jump to line 572,-
BRDA:571,0,jump to line 573,-
BRDA:573,0,jump to line 574,-
BRDA:573,0,jump to line 575,-
BRDA:575,0,jump to line 576,-
BRDA:575,0,return from function 'p_to_ast',-
BRDA:580,0,jump to line 581,-
BRDA:580,0,jump to line 582,-
BRDA:582,0,jump to line 583,-
BRDA:582,0,jump to line 584,-
BRDA:584,0,jump to line 585,-
BRDA:584,0,jump to line 586,-
BRDA:586,0,jump to line 587,-
BRDA:586,0,jump to line 588,-
BRDA:588,0,jump to line 589,-
BRDA:588,0,return from function 'p_to_text',-
BRDA:607,0,jump to line 608,-
BRDA:607,0,jump to line 611,-
BRDA:608,0,jump to line 607,-
BRDA:608,0,jump to line 609,-
BRDA:618,0,jump to line 619,-
BRDA:618,0,jump to line 622,-
BRDA:619,0,jump to line 618,-
BRDA:619,0,jump to line 620,-
BRDA:635,0,jump to line 636,-
BRDA:635,0,jump to line 638,-
BRDA:639,0,jump to line 640,-
BRDA:639,0,jump to line 642,-
BRDA:645,0,jump to line 646,-
BRDA:645,0,jump to line 650,-
BRDA:646,0,jump to line 645,-
BRDA:646,0,jump to line 647,-
BRDA:658,0,jump to line 659,-
BRDA:658,0,jump to line 661,-
BRDA:696,0,jump to line 697,-
BRDA:696,0,jump to line 698,-
BRDA:702,0,jump to line 703,-
BRDA:702,0,jump to line 704,-
BRDA:705,0,jump to line 706,-
BRDA:705,0,jump to line 711,-
BRDA:711,0,jump to line 712,-
BRDA:711,0,return from function 'log_dichotomy',-
BRDA:726,0,jump to line 727,-
BRDA:726,0,jump to line 728,-
BRDA:728,0,jump to line 729,-
BRDA:728,0,jump to line 730,-
BRDA:730,0,jump to line 731,-
BRDA:730,0,jump to line 736,-
BRDA:737,0,jump to line 738,-
BRDA:737,0,jump to line 739,-
BRDA:750,0,jump to line 751,-
BRDA:750,0,jump to line 752,-
BRDA:752,0,jump to line 753,-
BRDA:752,0,jump to line 754,-
BRDA:754,0,jump to line 755,-
BRDA:754,0,jump to line 756,-
BRDA:756,0,jump to line 757,-
BRDA:756,0,return from function 'p_to_ast',-
BRDA:760,0,jump to line 761,-
BRDA:760,0,jump to line 762,-
BRDA:772,0,jump to line 773,-
BRDA:772,0,jump to line 775,-
BRDA:790,0,jump to line 791,-
BRDA:790,0,jump to line 792,-
BRDA:792,0,jump to line 793,-
BRDA:792,0,jump to line 795,-
BRDA:804,0,jump to line 805,-
BRDA:804,0,jump to line 806,-
BRDA:826,0,jump to line 827,-
BRDA:826,0,jump to line 828,-
BRDA:828,0,jump to line 829,-
BRDA:828,0,return from function 'draw_pair_plot',-
BRDA:844,0,jump to line 845,-
BRDA:844,0,jump to line 851,-
BRDA:848,0,jump to line 849,-
BRDA:848,0,jump to line 856,-
BRDA:853,0,jump to line 854,-
BRDA:853,0,jump to line 856,-
BRDA:856,0,jump to line 857,-
BRDA:856,0,jump to line 869,-
BRDA:857,0,jump to line 858,-
BRDA:857,0,jump to line 859,-
BRDA:859,0,jump to line 860,-
BRDA:859,0,jump to line 862,-
BRDA:876,0,jump to line 877,-
BRDA:876,0,jump to line 878,-
BRDA:882,0,jump to line 883,-
BRDA:882,0,jump to line 884,-
BRDA:884,0,jump to line 885,-
BRDA:884,0,jump to line 887,-
BRDA:888,0,jump to line 889,-
BRDA:888,0,jump to line 891,-
BRDA:889,0,jump to line 890,-
BRDA:889,0,jump to line 891,-
BRDA:891,0,jump to line 892,-
BRDA:891,0,jump to line 893,-
BRDA:893,0,jump to line 894,-
BRDA:893,0,jump to line 896,-
BRDA:897,0,jump to line 898,-
BRDA:897,0,jump to line 907,-
BRDA:907,0,jump to line 908,-
BRDA:907,0,jump to line 913,-
BRDA:932,0,jump to line 933,1
BRDA:932,0,jump to line 939,1
BRDA:933,0,jump to line 934,1
BRDA:933,0,jump to line 936,1
BRDA:950,0,jump to line 951,1
BRDA:950,0,jump to line 967,1
BRDA:952,0,jump to line 953,1
BRDA:952,0,jump to line 965,1
BRDA:953,0,jump to line 952,1
BRDA:953,0,jump to line 954,1
BRDA:955,0,jump to line 956,1
BRDA:955,0,jump to line 958,1
BRDA:960,0,jump to line 961,0
BRDA:960,0,jump to line 962,1
BRDA:995,0,jump to line 996,-
BRDA:995,0,jump to line 1002,-
BRDA:1024,0,jump to line 1025,-
BRDA:1024,0,jump to line 1043,-
BRDA:1027,0,jump to line 1028,-
BRDA:1027,0,jump to line 1037,-
BRDA:1029,0,jump to line 1030,-
BRDA:1029,0,jump to line 1032,-
BRDA:1030,0,jump to line 1031,-
BRDA:1030,0,jump to line 1032,-
BRDA:1032,0,jump to line 1033,-
BRDA:1032,0,jump to line 1035,-
BRDA:1033,0,jump to line 1034,-
BRDA:1033,0,jump to line 1035,-
BRDA:1043,0,jump to line 1044,-
BRDA:1043,0,jump to line 1061,-
BRDA:1046,0,jump to line 1047,-
BRDA:1046,0,jump to line 1056,-
BRDA:1048,0,jump to line 1049,-
BRDA:1048,0,jump to line 1051,-
BRDA:1049,0,jump to line 1050,-
BRDA:1049,0,jump to line 1051,-
BRDA:1051,0,jump to line 1052,-
BRDA:1051,0,jump to line 1054,-
BRDA:1052,0,jump to line 1053,-
BRDA:1052,0,jump to line 1054,-
BRF:280
BRH:40
end_of_record
SF:decodanda\visualize.py
DA:1,1
DA:3,1
DA:4,1
DA:8,1
DA:10,0
DA:11,0
DA:12,0
DA:13,0
DA:14,0
DA:17,0
DA:20,0
DA:21,0
DA:24,1
DA:25,0
DA:26,0
DA:27,0
DA:28,0
DA:29,0
DA:30,0
DA:31,0
DA:32,0
DA:33,0
DA:34,0
DA:35,0
DA:37,0
DA:38,0
DA:39,0
DA:40,0
DA:41,0
DA:43,0
DA:44,0
DA:49,0
DA:50,0
DA:51,0
DA:53,0
DA:54,0
DA:55,0
DA:56,0
DA:57,0
DA:59,0
DA:62,1
DA:63,0
DA:64,0
DA:66,0
DA:67,0
DA:68,0
DA:69,0
DA:70,0
DA:71,0
DA:72,0
DA:75,1
DA:76,0
DA:77,0
DA:78,0
DA:79,0
DA:80,0
DA:81,0
DA:82,0
DA:83,0
DA:88,1
DA:89,0
DA:90,0
DA:91,0
DA:92,0
DA:93,0
DA:94,0
DA:96,0
DA:97,0
DA:98,0
DA:99,0
DA:100,0
DA:103,1
DA:105,0
DA:106,0
DA:107,0
DA:108,0
DA:109,0
DA:110,0
DA:111,0
DA:112,0
DA:114,0
DA:115,0
DA:116,0
DA:117,0
DA:119,0
DA:120,0
DA:121,0
DA:122,0
DA:123,0
DA:126,0
DA:128,0
DA:129,0
DA:131,0
DA:133,0
DA:134,0
DA:135,0
DA:136,0
DA:138,0
DA:142,0
DA:144,0
DA:145,0
DA:146,0
DA:149,0
DA:151,0
DA:154,1
DA:155,0
DA:156,0
DA:157,0
DA:159,0
DA:160,0
DA:162,0
DA:163,0
DA:164,0
DA:165,0
DA:167,0
DA:169,0
DA:170,0
DA:172,0
DA:175,0
DA:177,0
DA:180,0
DA:183,0
DA:186,1
DA:187,0
DA:188,0
DA:189,0
DA:191,0
DA:192,0
DA:195,0
DA:196,0
DA:197,0
DA:198,0
DA:199,0
DA:200,0
DA:201,0
DA:202,0
DA:203,0
DA:205,0
DA:206,0
DA:207,0
DA:208,0
DA:209,0
DA:210,0
DA:211,0
DA:214,0
DA:215,0
DA:216,0
DA:217,0
DA:218,0
DA:219,0
DA:220,0
DA:221,0
DA:222,0
DA:224,0
DA:225,0
DA:226,0
DA:227,0
DA:228,0
DA:229,0
DA:230,0
DA:232,0
DA:233,0
DA:234,0
DA:235,0
DA:238,0
DA:239,0
DA:240,0
DA:241,0
DA:242,0
DA:243,0
DA:244,0
DA:245,0
DA:246,0
DA:247,0
DA:248,0
DA:249,0
DA:250,0
DA:251,0
DA:252,0
DA:253,0
DA:254,0
DA:255,0
DA:258,0
DA:259,0
DA:260,0
DA:261,0
DA:262,0
DA:263,0
DA:264,0
DA:266,0
DA:267,0
DA:268,0
DA:269,0
DA:270,0
DA:271,0
DA:274,0
DA:275,0
DA:276,0
DA:277,0
DA:278,0
DA:279,0
DA:280,0
DA:281,0
DA:283,0
DA:284,0
DA:285,0
DA:286,0
DA:287,0
DA:288,0
DA:289,0
DA:292,0
DA:293,0
DA:294,0
DA:295,0
DA:297,0
DA:298,0
DA:299,0
DA:302,0
DA:303,0
DA:304,0
DA:305,0
DA:307,0
DA:308,0
DA:309,0
DA:310,0
DA:311,0
DA:313,0
DA:314,0
DA:320,0
DA:321,0
DA:323,0
DA:324,0
DA:329,0
DA:330,0
DA:332,0
DA:333,0
DA:334,0
DA:335,0
DA:336,0
DA:337,0
DA:338,0
DA:339,0
DA:340,0
DA:342,0
DA:343,0
DA:348,1
DA:349,0
DA:350,0
DA:351,0
DA:352,0
DA:353,0
DA:354,0
DA:355,0
DA:356,0
DA:357,0
DA:358,0
DA:359,0
DA:360,0
DA:361,0
DA:362,0
DA:364,0
DA:367,1
DA:368,0
DA:369,0
DA:370,0
DA:372,0
DA:374,0
DA:375,0
DA:376,0
DA:377,0
DA:378,0
DA:379,0
DA:381,0
DA:382,0
DA:383,0
DA:384,0
DA:385,0
DA:388,1
DA:391,0
DA:393,0
DA:395,0
DA:396,0
DA:398,0
DA:399,0
DA:401,0
DA:402,0
DA:403,0
DA:404,0
DA:405,0
DA:406,0
DA:407,0
DA:409,0
DA:410,0
DA:411,0
DA:412,0
DA:414,0
DA:416,0
DA:418,0
DA:421,0
DA:422,0
DA:423,0
DA:425,0
DA:426,0
DA:430,0
DA:432,0
DA:433,0
DA:434,0
DA:436,0
DA:437,0
DA:438,0
DA:439,0
DA:441,0
DA:442,0
DA:444,0
DA:446,0
DA:447,0
DA:448,0
DA:449,0
DA:451,0
DA:452,0
DA:453,0
DA:455,0
DA:456,0
DA:458,0
DA:459,0
DA:461,0
DA:462,0
DA:463,0
DA:466,1
DA:472,0
DA:473,0
DA:474,0
DA:475,0
DA:476,0
DA:477,0
DA:478,0
DA:480,0
DA:481,0
DA:482,0
DA:483,0
DA:484,0
DA:485,0
DA:486,0
DA:487,0
DA:488,0
DA:489,0
DA:490,0
DA:491,0
DA:492,0
DA:494,0
DA:495,0
DA:496,0
DA:497,0
DA:498,0
DA:500,0
DA:501,0
DA:502,0
DA:503,0
DA:504,0
DA:505,0
DA:506,0
DA:508,0
DA:509,0
DA:510,0
DA:511,0
DA:513,0
DA:515,0
DA:516,0
DA:518,0
DA:519,0
DA:520,0
DA:521,0
DA:522,0
DA:523,0
DA:525,0
DA:526,0
DA:528,0
DA:530,0
DA:531,0
DA:532,0
DA:533,0
DA:534,0
DA:536,0
DA:537,0
DA:538,0
DA:539,0
DA:542,0
DA:543,0
DA:546,0
DA:549,0
DA:550,0
DA:551,0
DA:552,0
DA:555,0
DA:556,0
DA:559,0
DA:561,0
DA:562,0
DA:563,0
DA:564,0
DA:565,0
DA:567,0
DA:568,0
DA:569,0
DA:571,0
DA:572,0
DA:573,0
DA:575,0
DA:576,0
DA:578,0
DA:579,0
DA:581,0
DA:582,0
DA:583,0
LF:414
LH:15
FN:8,21,corrfunc
FNDA:0,corrfunc
FN:24,59,corr_scatter
FNDA:0,corr_scatter
FN:62,72,line_with_shade
FNDA:0,line_with_shade
FN:75,83,smooth_hist
FNDA:0,smooth_hist
FN:88,100,setup_decoding_axis
FNDA:0,setup_decoding_axis
FN:103,151,plot_perfs_null_model
FNDA:0,plot_perfs_null_model
FN:154,183,plot_perfs_null_model_single
FNDA:0,plot_perfs_null_model_single
FN:186,344,visualize_decoding
FNDA:0,visualize_decoding
FN:214,230,visualize_decoding.plot_dic_side
FNDA:0,visualize_decoding.plot_dic_side
FN:348,364,visualize_raster
FNDA:0,visualize_raster
FN:367,385,visualize_session
FNDA:0,visualize_session
FN:388,463,visualize_decodanda_MDS
FNDA:0,visualize_decodanda_MDS
FN:432,449,visualize_decodanda_MDS.init
FNDA:0,visualize_decodanda_MDS.init
FN:451,453,visualize_decodanda_MDS.animate
FNDA:0,visualize_decodanda_MDS.animate
FN:466,583,visualize_PCA
FNDA:0,visualize_PCA
FN:530,569,visualize_PCA.init
FNDA:0,visualize_PCA.init
FN:571,573,visualize_PCA.animate
FNDA:0,visualize_PCA.animate
FNF:17
FNH:0
BRDA:13,0,jump to line 14,-
BRDA:13,0,jump to line 17,-
BRDA:28,0,jump to line 29,-
BRDA:28,0,jump to line 30,-
BRDA:31,0,jump to line 32,-
BRDA:31,0,jump to line 34,-
BRDA:43,0,jump to line 44,-
BRDA:43,0,jump to line 49,-
BRDA:53,0,jump to line 54,-
BRDA:53,0,jump to line 56,-
BRDA:54,0,jump to line 55,-
BRDA:54,0,jump to line 56,-
BRDA:56,0,jump to line 57,-
BRDA:56,0,jump to line 59,-
BRDA:63,0,jump to line 64,-
BRDA:63,0,jump to line 66,-
BRDA:81,0,jump to line 82,-
BRDA:81,0,jump to line 83,-
BRDA:92,0,jump to line 93,-
BRDA:92,0,jump to line 94,-
BRDA:96,0,jump to line 97,-
BRDA:96,0,jump to line 99,-
BRDA:107,0,jump to line 108,-
BRDA:107,0,jump to line 109,-
BRDA:109,0,jump to line 110,-
BRDA:109,0,jump to line 111,-
BRDA:111,0,jump to line 112,-
BRDA:111,0,jump to line 114,-
BRDA:114,0,jump to line 115,-
BRDA:114,0,jump to line 116,-
BRDA:119,0,jump to line 120,-
BRDA:119,0,jump to line 151,-
BRDA:120,0,jump to line 121,-
BRDA:120,0,jump to line 128,-
BRDA:128,0,jump to line 129,-
BRDA:128,0,jump to line 133,-
BRDA:134,0,jump to line 135,-
BRDA:134,0,jump to line 144,-
BRDA:145,0,jump to line 119,-
BRDA:145,0,jump to line 146,-
BRDA:155,0,jump to line 156,-
BRDA:155,0,jump to line 159,-
BRDA:159,0,jump to line 160,-
BRDA:159,0,jump to line 162,-
BRDA:162,0,jump to line 163,-
BRDA:162,0,jump to line 169,-
BRDA:169,0,jump to line 170,-
BRDA:169,0,jump to line 175,-
BRDA:199,0,jump to line 200,-
BRDA:199,0,jump to line 202,-
BRDA:207,0,jump to line 208,-
BRDA:207,0,jump to line 210,-
BRDA:216,0,jump to line 217,-
BRDA:216,0,jump to line 227,-
BRDA:219,0,jump to line 220,-
BRDA:219,0,jump to line 225,-
BRDA:220,0,jump to line 219,-
BRDA:220,0,jump to line 221,-
BRDA:268,0,jump to line 269,-
BRDA:268,0,jump to line 270,-
BRDA:285,0,jump to line 286,-
BRDA:285,0,jump to line 287,-
BRDA:298,0,jump to line 299,-
BRDA:298,0,jump to line 302,-
BRDA:307,0,jump to line 308,-
BRDA:307,0,jump to line 313,-
BRDA:308,0,jump to line 309,-
BRDA:308,0,jump to line 310,-
BRDA:310,0,jump to line 311,-
BRDA:310,0,jump to line 313,-
BRDA:313,0,jump to line 314,-
BRDA:313,0,jump to line 323,-
BRDA:323,0,jump to line 324,-
BRDA:323,0,jump to line 332,-
BRDA:342,0,jump to line 343,-
BRDA:342,0,return from function 'visualize_decoding',-
BRDA:349,0,jump to line 350,-
BRDA:349,0,jump to line 351,-
BRDA:351,0,jump to line 352,-
BRDA:351,0,jump to line 353,-
BRDA:353,0,jump to line 354,-
BRDA:353,0,jump to line 358,-
BRDA:358,0,jump to line 359,-
BRDA:358,0,jump to line 364,-
BRDA:368,0,jump to line 369,-
BRDA:368,0,jump to line 372,-
BRDA:381,0,jump to line 382,-
BRDA:381,0,jump to line 385,-
BRDA:398,0,jump to line 399,-
BRDA:398,0,jump to line 401,-
BRDA:401,0,jump to line 402,-
BRDA:401,0,jump to line 421,-
BRDA:402,0,jump to line 403,-
BRDA:402,0,jump to line 409,-
BRDA:421,0,jump to line 422,-
BRDA:421,0,jump to line 425,-
BRDA:433,0,jump to line 434,-
BRDA:433,0,jump to line 436,-
BRDA:436,0,jump to line 437,-
BRDA:436,0,jump to line 444,-
BRDA:437,0,jump to line 436,-
BRDA:437,0,jump to line 438,-
BRDA:438,0,jump to line 439,-
BRDA:438,0,jump to line 441,-
BRDA:441,0,jump to line 437,-
BRDA:441,0,jump to line 442,-
BRDA:455,0,jump to line 456,-
BRDA:455,0,jump to line 461,-
BRDA:475,0,jump to line 476,-
BRDA:475,0,jump to line 477,-
BRDA:477,0,jump to line 478,-
BRDA:477,0,jump to line 480,-
BRDA:480,0,jump to line 481,-
BRDA:480,0,jump to line 485,-
BRDA:486,0,jump to line 487,-
BRDA:486,0,jump to line 490,-
BRDA:487,0,jump to line 488,-
BRDA:487,0,jump to line 490,-
BRDA:488,0,jump to line 487,-
BRDA:488,0,jump to line 489,-
BRDA:495,0,jump to line 496,-
BRDA:495,0,jump to line 498,-
BRDA:500,0,jump to line 501,-
BRDA:500,0,jump to line 518,-
BRDA:501,0,jump to line 502,-
BRDA:501,0,jump to line 508,-
BRDA:518,0,jump to line 519,-
BRDA:518,0,jump to line 525,-
BRDA:520,0,jump to line 521,-
BRDA:520,0,jump to line 522,-
BRDA:522,0,jump to line 523,-
BRDA:522,0,jump to line 528,-
BRDA:531,0,jump to line 532,-
BRDA:531,0,jump to line 569,-
BRDA:533,0,jump to line 534,-
BRDA:533,0,jump to line 536,-
BRDA:537,0,jump to line 538,-
BRDA:537,0,jump to line 564,-
BRDA:538,0,jump to line 539,-
BRDA:538,0,jump to line 542,-
BRDA:542,0,jump to line 543,-
BRDA:542,0,jump to line 549,-
BRDA:549,0,jump to line 550,-
BRDA:549,0,jump to line 559,-
BRDA:550,0,jump to line 549,-
BRDA:550,0,jump to line 551,-
BRDA:551,0,jump to line 552,-
BRDA:551,0,jump to line 555,-
BRDA:555,0,jump to line 550,-
BRDA:555,0,jump to line 556,-
BRDA:564,0,jump to line 565,-
BRDA:564,0,jump to line 567,-
BRDA:567,0,jump to line 531,-
BRDA:567,0,jump to line 568,-
BRDA:575,0,jump to line 576,-
BRDA:575,0,jump to line 581,-
BRF:156
BRH:0
end_of_record
